TimeQuest Timing Analyzer report for Ram
Mon Aug 01 21:49:02 2022
Quartus II 64-Bit Version 13.0.1 Build 232 06/12/2013 Service Pack 1 SJ Web Edition


---------------------
; Table of Contents ;
---------------------
  1. Legal Notice
  2. TimeQuest Timing Analyzer Summary
  3. Parallel Compilation
  4. Clocks
  5. Slow Model Fmax Summary
  6. Slow Model Setup Summary
  7. Slow Model Hold Summary
  8. Slow Model Recovery Summary
  9. Slow Model Removal Summary
 10. Slow Model Minimum Pulse Width Summary
 11. Slow Model Minimum Pulse Width: 'altera_reserved_tck'
 12. Propagation Delay
 13. Minimum Propagation Delay
 14. Fast Model Setup Summary
 15. Fast Model Hold Summary
 16. Fast Model Recovery Summary
 17. Fast Model Removal Summary
 18. Fast Model Minimum Pulse Width Summary
 19. Fast Model Minimum Pulse Width: 'altera_reserved_tck'
 20. Propagation Delay
 21. Minimum Propagation Delay
 22. Multicorner Timing Analysis Summary
 23. Progagation Delay
 24. Minimum Progagation Delay
 25. Clock Transfers
 26. Report TCCS
 27. Report RSKM
 28. Unconstrained Paths
 29. TimeQuest Timing Analyzer Messages



----------------
; Legal Notice ;
----------------
Copyright (C) 1991-2013 Altera Corporation
Your use of Altera Corporation's design tools, logic functions 
and other software and tools, and its AMPP partner logic 
functions, and any output files from any of the foregoing 
(including device programming or simulation files), and any 
associated documentation or information are expressly subject 
to the terms and conditions of the Altera Program License 
Subscription Agreement, Altera MegaCore Function License 
Agreement, or other applicable license agreement, including, 
without limitation, that your use is for the sole purpose of 
programming logic devices manufactured by Altera and sold by 
Altera or its authorized distributors.  Please refer to the 
applicable agreement for further details.



+----------------------------------------------------------------------------------------+
; TimeQuest Timing Analyzer Summary                                                      ;
+--------------------+-------------------------------------------------------------------+
; Quartus II Version ; Version 13.0.1 Build 232 06/12/2013 Service Pack 1 SJ Web Edition ;
; Revision Name      ; Ram                                                               ;
; Device Family      ; Cyclone II                                                        ;
; Device Name        ; EP2C35F672C6                                                      ;
; Timing Models      ; Final                                                             ;
; Delay Model        ; Combined                                                          ;
; Rise/Fall Delays   ; Unavailable                                                       ;
+--------------------+-------------------------------------------------------------------+


+------------------------------------------+
; Parallel Compilation                     ;
+----------------------------+-------------+
; Processors                 ; Number      ;
+----------------------------+-------------+
; Number detected on machine ; 4           ;
; Maximum allowed            ; 4           ;
;                            ;             ;
; Average used               ; 1.00        ;
; Maximum used               ; 1           ;
;                            ;             ;
; Usage by Processor         ; % Time Used ;
;     Processor 1            ; 100.0%      ;
;     Processors 2-4         ;   0.0%      ;
+----------------------------+-------------+


+-----------------------------------------------------------------------------------------------------------------------------------------------------------------------------------------------------------+
; Clocks                                                                                                                                                                                                    ;
+---------------------+------+---------+-----------+-------+--------+------------+-----------+-------------+-------+--------+-----------+------------+----------+--------+--------+-------------------------+
; Clock Name          ; Type ; Period  ; Frequency ; Rise  ; Fall   ; Duty Cycle ; Divide by ; Multiply by ; Phase ; Offset ; Edge List ; Edge Shift ; Inverted ; Master ; Source ; Targets                 ;
+---------------------+------+---------+-----------+-------+--------+------------+-----------+-------------+-------+--------+-----------+------------+----------+--------+--------+-------------------------+
; altera_reserved_tck ; Base ; 100.000 ; 10.0 MHz  ; 0.000 ; 50.000 ;            ;           ;             ;       ;        ;           ;            ;          ;        ;        ; { altera_reserved_tck } ;
+---------------------+------+---------+-----------+-------+--------+------------+-----------+-------------+-------+--------+-----------+------------+----------+--------+--------+-------------------------+


---------------------------
; Slow Model Fmax Summary ;
---------------------------
No paths to report.


----------------------------
; Slow Model Setup Summary ;
----------------------------
No paths to report.


---------------------------
; Slow Model Hold Summary ;
---------------------------
No paths to report.


-------------------------------
; Slow Model Recovery Summary ;
-------------------------------
No paths to report.


------------------------------
; Slow Model Removal Summary ;
------------------------------
No paths to report.


+----------------------------------------------+
; Slow Model Minimum Pulse Width Summary       ;
+---------------------+--------+---------------+
; Clock               ; Slack  ; End Point TNS ;
+---------------------+--------+---------------+
; altera_reserved_tck ; 97.778 ; 0.000         ;
+---------------------+--------+---------------+


+-------------------------------------------------------------------------------------------------------------+
; Slow Model Minimum Pulse Width: 'altera_reserved_tck'                                                       ;
+--------+--------------+----------------+-----------+---------------------+------------+---------------------+
; Slack  ; Actual Width ; Required Width ; Type      ; Clock               ; Clock Edge ; Target              ;
+--------+--------------+----------------+-----------+---------------------+------------+---------------------+
; 97.778 ; 100.000      ; 2.222          ; Port Rate ; altera_reserved_tck ; Rise       ; altera_reserved_tck ;
+--------+--------------+----------------+-----------+---------------------+------------+---------------------+


+---------------------------------------------------------------+
; Propagation Delay                                             ;
+-------------+-------------+--------+--------+--------+--------+
; Input Port  ; Output Port ; RR     ; RF     ; FR     ; FF     ;
+-------------+-------------+--------+--------+--------+--------+
; CLOCK_50    ; VGA_CLK     ; 2.937  ;        ;        ; 2.937  ;
; SRAM_DQ[3]  ; LEDG[8]     ; 11.673 ;        ;        ; 11.673 ;
; SRAM_DQ[6]  ; HEX4[0]     ; 14.746 ; 14.746 ; 14.746 ; 14.746 ;
; SRAM_DQ[6]  ; HEX4[1]     ; 14.756 ; 14.756 ; 14.756 ; 14.756 ;
; SRAM_DQ[6]  ; HEX4[2]     ; 14.747 ; 14.747 ; 14.747 ; 14.747 ;
; SRAM_DQ[6]  ; HEX4[3]     ; 15.019 ; 15.019 ; 15.019 ; 15.019 ;
; SRAM_DQ[6]  ; HEX4[4]     ; 15.067 ; 15.067 ; 15.067 ; 15.067 ;
; SRAM_DQ[6]  ; HEX4[5]     ; 15.027 ; 15.027 ; 15.027 ; 15.027 ;
; SRAM_DQ[6]  ; HEX4[6]     ; 15.066 ; 15.066 ; 15.066 ; 15.066 ;
; SRAM_DQ[6]  ; HEX5[0]     ; 16.066 ; 16.066 ; 16.066 ; 16.066 ;
; SRAM_DQ[6]  ; HEX5[1]     ; 16.023 ; 16.023 ; 16.023 ; 16.023 ;
; SRAM_DQ[6]  ; HEX5[2]     ; 16.026 ; 16.026 ; 16.026 ; 16.026 ;
; SRAM_DQ[6]  ; HEX5[3]     ; 16.360 ; 16.360 ; 16.360 ; 16.360 ;
; SRAM_DQ[6]  ; HEX5[4]     ; 16.327 ; 16.327 ; 16.327 ; 16.327 ;
; SRAM_DQ[6]  ; HEX5[5]     ; 16.426 ; 16.426 ; 16.426 ; 16.426 ;
; SRAM_DQ[6]  ; HEX5[6]     ; 16.348 ; 16.348 ; 16.348 ; 16.348 ;
; SRAM_DQ[7]  ; HEX4[0]     ; 14.459 ; 14.459 ; 14.459 ; 14.459 ;
; SRAM_DQ[7]  ; HEX4[1]     ; 14.469 ; 14.469 ; 14.469 ; 14.469 ;
; SRAM_DQ[7]  ; HEX4[2]     ; 14.460 ; 14.460 ; 14.460 ; 14.460 ;
; SRAM_DQ[7]  ; HEX4[3]     ; 14.732 ; 14.732 ; 14.732 ; 14.732 ;
; SRAM_DQ[7]  ; HEX4[4]     ; 14.780 ; 14.780 ; 14.780 ; 14.780 ;
; SRAM_DQ[7]  ; HEX4[5]     ; 14.740 ; 14.740 ; 14.740 ; 14.740 ;
; SRAM_DQ[7]  ; HEX4[6]     ; 14.779 ; 14.779 ; 14.779 ; 14.779 ;
; SRAM_DQ[7]  ; HEX5[0]     ; 15.080 ; 15.080 ; 15.080 ; 15.080 ;
; SRAM_DQ[7]  ; HEX5[1]     ; 14.887 ; 15.037 ; 15.037 ; 14.887 ;
; SRAM_DQ[7]  ; HEX5[2]     ; 15.040 ; 15.040 ; 15.040 ; 15.040 ;
; SRAM_DQ[7]  ; HEX5[3]     ; 15.374 ; 15.374 ; 15.374 ; 15.374 ;
; SRAM_DQ[7]  ; HEX5[4]     ; 15.341 ; 15.341 ; 15.341 ; 15.341 ;
; SRAM_DQ[7]  ; HEX5[5]     ; 15.440 ; 15.440 ; 15.440 ; 15.440 ;
; SRAM_DQ[7]  ; HEX5[6]     ; 15.362 ; 15.362 ; 15.362 ; 15.362 ;
; SRAM_DQ[8]  ; HEX4[0]     ; 19.350 ; 19.350 ; 19.350 ; 19.350 ;
; SRAM_DQ[8]  ; HEX4[1]     ; 19.360 ; 19.360 ; 19.360 ; 19.360 ;
; SRAM_DQ[8]  ; HEX4[2]     ; 19.351 ; 19.351 ; 19.351 ; 19.351 ;
; SRAM_DQ[8]  ; HEX4[3]     ; 19.623 ; 19.623 ; 19.623 ; 19.623 ;
; SRAM_DQ[8]  ; HEX4[4]     ; 19.671 ; 19.671 ; 19.671 ; 19.671 ;
; SRAM_DQ[8]  ; HEX4[5]     ; 19.631 ; 19.631 ; 19.631 ; 19.631 ;
; SRAM_DQ[8]  ; HEX4[6]     ; 19.670 ; 19.670 ; 19.670 ; 19.670 ;
; SRAM_DQ[8]  ; HEX5[0]     ; 21.775 ; 21.775 ; 21.775 ; 21.775 ;
; SRAM_DQ[8]  ; HEX5[1]     ; 21.732 ; 21.732 ; 21.732 ; 21.732 ;
; SRAM_DQ[8]  ; HEX5[2]     ; 21.735 ; 21.735 ; 21.735 ; 21.735 ;
; SRAM_DQ[8]  ; HEX5[3]     ; 22.069 ; 22.069 ; 22.069 ; 22.069 ;
; SRAM_DQ[8]  ; HEX5[4]     ; 22.036 ; 22.036 ; 22.036 ; 22.036 ;
; SRAM_DQ[8]  ; HEX5[5]     ; 22.135 ; 22.135 ; 22.135 ; 22.135 ;
; SRAM_DQ[8]  ; HEX5[6]     ; 22.057 ; 22.057 ; 22.057 ; 22.057 ;
; SRAM_DQ[9]  ; HEX4[0]     ; 18.561 ; 18.561 ; 18.561 ; 18.561 ;
; SRAM_DQ[9]  ; HEX4[1]     ; 18.571 ; 18.571 ; 18.571 ; 18.571 ;
; SRAM_DQ[9]  ; HEX4[2]     ; 18.562 ; 18.562 ; 18.562 ; 18.562 ;
; SRAM_DQ[9]  ; HEX4[3]     ; 18.834 ; 18.834 ; 18.834 ; 18.834 ;
; SRAM_DQ[9]  ; HEX4[4]     ; 18.882 ; 18.882 ; 18.882 ; 18.882 ;
; SRAM_DQ[9]  ; HEX4[5]     ; 18.842 ; 18.842 ; 18.842 ; 18.842 ;
; SRAM_DQ[9]  ; HEX4[6]     ; 18.881 ; 18.881 ; 18.881 ; 18.881 ;
; SRAM_DQ[9]  ; HEX5[0]     ; 20.986 ; 20.986 ; 20.986 ; 20.986 ;
; SRAM_DQ[9]  ; HEX5[1]     ; 20.943 ; 20.943 ; 20.943 ; 20.943 ;
; SRAM_DQ[9]  ; HEX5[2]     ; 20.946 ; 20.946 ; 20.946 ; 20.946 ;
; SRAM_DQ[9]  ; HEX5[3]     ; 21.280 ; 21.280 ; 21.280 ; 21.280 ;
; SRAM_DQ[9]  ; HEX5[4]     ; 21.247 ; 21.247 ; 21.247 ; 21.247 ;
; SRAM_DQ[9]  ; HEX5[5]     ; 21.346 ; 21.346 ; 21.346 ; 21.346 ;
; SRAM_DQ[9]  ; HEX5[6]     ; 21.268 ; 21.268 ; 21.268 ; 21.268 ;
; SRAM_DQ[10] ; HEX4[0]     ; 16.164 ; 16.164 ; 16.164 ; 16.164 ;
; SRAM_DQ[10] ; HEX4[1]     ; 16.174 ; 16.174 ; 16.174 ; 16.174 ;
; SRAM_DQ[10] ; HEX4[2]     ; 16.165 ; 16.165 ; 16.165 ; 16.165 ;
; SRAM_DQ[10] ; HEX4[3]     ; 16.437 ; 16.437 ; 16.437 ; 16.437 ;
; SRAM_DQ[10] ; HEX4[4]     ; 16.485 ; 16.485 ; 16.485 ; 16.485 ;
; SRAM_DQ[10] ; HEX4[5]     ; 16.445 ; 16.445 ; 16.445 ; 16.445 ;
; SRAM_DQ[10] ; HEX4[6]     ; 16.484 ; 16.484 ; 16.484 ; 16.484 ;
; SRAM_DQ[10] ; HEX5[0]     ; 18.589 ; 18.589 ; 18.589 ; 18.589 ;
; SRAM_DQ[10] ; HEX5[1]     ; 18.546 ; 18.546 ; 18.546 ; 18.546 ;
; SRAM_DQ[10] ; HEX5[2]     ; 18.549 ; 18.549 ; 18.549 ; 18.549 ;
; SRAM_DQ[10] ; HEX5[3]     ; 18.883 ; 18.883 ; 18.883 ; 18.883 ;
; SRAM_DQ[10] ; HEX5[4]     ; 18.850 ; 18.850 ; 18.850 ; 18.850 ;
; SRAM_DQ[10] ; HEX5[5]     ; 18.949 ; 18.949 ; 18.949 ; 18.949 ;
; SRAM_DQ[10] ; HEX5[6]     ; 18.871 ; 18.871 ; 18.871 ; 18.871 ;
; SRAM_DQ[11] ; HEX4[0]     ; 16.438 ; 16.438 ; 16.438 ; 16.438 ;
; SRAM_DQ[11] ; HEX4[1]     ; 16.448 ; 16.448 ; 16.448 ; 16.448 ;
; SRAM_DQ[11] ; HEX4[2]     ; 16.439 ; 16.439 ; 16.439 ; 16.439 ;
; SRAM_DQ[11] ; HEX4[3]     ; 16.711 ; 16.711 ; 16.711 ; 16.711 ;
; SRAM_DQ[11] ; HEX4[4]     ; 16.759 ; 16.759 ; 16.759 ; 16.759 ;
; SRAM_DQ[11] ; HEX4[5]     ; 16.719 ; 16.719 ; 16.719 ; 16.719 ;
; SRAM_DQ[11] ; HEX4[6]     ; 16.758 ; 16.758 ; 16.758 ; 16.758 ;
; SRAM_DQ[11] ; HEX5[0]     ; 18.863 ; 18.863 ; 18.863 ; 18.863 ;
; SRAM_DQ[11] ; HEX5[1]     ; 18.820 ; 18.820 ; 18.820 ; 18.820 ;
; SRAM_DQ[11] ; HEX5[2]     ; 18.823 ; 18.823 ; 18.823 ; 18.823 ;
; SRAM_DQ[11] ; HEX5[3]     ; 19.157 ; 19.157 ; 19.157 ; 19.157 ;
; SRAM_DQ[11] ; HEX5[4]     ; 19.124 ; 19.124 ; 19.124 ; 19.124 ;
; SRAM_DQ[11] ; HEX5[5]     ; 19.223 ; 19.223 ; 19.223 ; 19.223 ;
; SRAM_DQ[11] ; HEX5[6]     ; 19.145 ; 19.145 ; 19.145 ; 19.145 ;
; SRAM_DQ[12] ; HEX4[0]     ; 18.213 ; 18.213 ; 18.213 ; 18.213 ;
; SRAM_DQ[12] ; HEX4[1]     ; 18.223 ; 18.223 ; 18.223 ; 18.223 ;
; SRAM_DQ[12] ; HEX4[2]     ; 18.214 ; 18.214 ; 18.214 ; 18.214 ;
; SRAM_DQ[12] ; HEX4[3]     ; 18.486 ; 18.486 ; 18.486 ; 18.486 ;
; SRAM_DQ[12] ; HEX4[4]     ; 18.534 ; 18.534 ; 18.534 ; 18.534 ;
; SRAM_DQ[12] ; HEX4[5]     ; 18.494 ; 18.494 ; 18.494 ; 18.494 ;
; SRAM_DQ[12] ; HEX4[6]     ; 18.533 ; 18.533 ; 18.533 ; 18.533 ;
; SRAM_DQ[12] ; HEX5[0]     ; 20.638 ; 20.638 ; 20.638 ; 20.638 ;
; SRAM_DQ[12] ; HEX5[1]     ; 20.595 ; 20.595 ; 20.595 ; 20.595 ;
; SRAM_DQ[12] ; HEX5[2]     ; 20.598 ; 20.598 ; 20.598 ; 20.598 ;
; SRAM_DQ[12] ; HEX5[3]     ; 20.932 ; 20.932 ; 20.932 ; 20.932 ;
; SRAM_DQ[12] ; HEX5[4]     ; 20.899 ; 20.899 ; 20.899 ; 20.899 ;
; SRAM_DQ[12] ; HEX5[5]     ; 20.998 ; 20.998 ; 20.998 ; 20.998 ;
; SRAM_DQ[12] ; HEX5[6]     ; 20.920 ; 20.920 ; 20.920 ; 20.920 ;
; SRAM_DQ[13] ; HEX4[0]     ; 19.183 ; 19.183 ; 19.183 ; 19.183 ;
; SRAM_DQ[13] ; HEX4[1]     ; 19.193 ; 19.193 ; 19.193 ; 19.193 ;
; SRAM_DQ[13] ; HEX4[2]     ; 19.184 ; 19.184 ; 19.184 ; 19.184 ;
; SRAM_DQ[13] ; HEX4[3]     ; 19.456 ; 19.456 ; 19.456 ; 19.456 ;
; SRAM_DQ[13] ; HEX4[4]     ; 19.504 ; 19.504 ; 19.504 ; 19.504 ;
; SRAM_DQ[13] ; HEX4[5]     ; 19.464 ; 19.464 ; 19.464 ; 19.464 ;
; SRAM_DQ[13] ; HEX4[6]     ; 19.503 ; 19.503 ; 19.503 ; 19.503 ;
; SRAM_DQ[13] ; HEX5[0]     ; 21.608 ; 21.608 ; 21.608 ; 21.608 ;
; SRAM_DQ[13] ; HEX5[1]     ; 21.565 ; 21.565 ; 21.565 ; 21.565 ;
; SRAM_DQ[13] ; HEX5[2]     ; 21.568 ; 21.568 ; 21.568 ; 21.568 ;
; SRAM_DQ[13] ; HEX5[3]     ; 21.902 ; 21.902 ; 21.902 ; 21.902 ;
; SRAM_DQ[13] ; HEX5[4]     ; 21.869 ; 21.869 ; 21.869 ; 21.869 ;
; SRAM_DQ[13] ; HEX5[5]     ; 21.968 ; 21.968 ; 21.968 ; 21.968 ;
; SRAM_DQ[13] ; HEX5[6]     ; 21.890 ; 21.890 ; 21.890 ; 21.890 ;
; SRAM_DQ[13] ; LEDG[8]     ; 12.933 ;        ;        ; 12.933 ;
; SRAM_DQ[14] ; HEX4[0]     ; 18.876 ; 18.876 ; 18.876 ; 18.876 ;
; SRAM_DQ[14] ; HEX4[1]     ; 18.886 ; 18.886 ; 18.886 ; 18.886 ;
; SRAM_DQ[14] ; HEX4[2]     ; 18.877 ; 18.877 ; 18.877 ; 18.877 ;
; SRAM_DQ[14] ; HEX4[3]     ; 19.149 ; 19.149 ; 19.149 ; 19.149 ;
; SRAM_DQ[14] ; HEX4[4]     ; 19.197 ; 19.197 ; 19.197 ; 19.197 ;
; SRAM_DQ[14] ; HEX4[5]     ; 19.157 ; 19.157 ; 19.157 ; 19.157 ;
; SRAM_DQ[14] ; HEX4[6]     ; 19.196 ; 19.196 ; 19.196 ; 19.196 ;
; SRAM_DQ[14] ; HEX5[0]     ; 21.301 ; 21.301 ; 21.301 ; 21.301 ;
; SRAM_DQ[14] ; HEX5[1]     ; 21.258 ; 21.258 ; 21.258 ; 21.258 ;
; SRAM_DQ[14] ; HEX5[2]     ; 21.261 ; 21.261 ; 21.261 ; 21.261 ;
; SRAM_DQ[14] ; HEX5[3]     ; 21.595 ; 21.595 ; 21.595 ; 21.595 ;
; SRAM_DQ[14] ; HEX5[4]     ; 21.562 ; 21.562 ; 21.562 ; 21.562 ;
; SRAM_DQ[14] ; HEX5[5]     ; 21.661 ; 21.661 ; 21.661 ; 21.661 ;
; SRAM_DQ[14] ; HEX5[6]     ; 21.583 ; 21.583 ; 21.583 ; 21.583 ;
; SRAM_DQ[14] ; LEDG[8]     ; 12.626 ;        ;        ; 12.626 ;
; SRAM_DQ[15] ; HEX4[0]     ; 19.216 ; 19.216 ; 19.216 ; 19.216 ;
; SRAM_DQ[15] ; HEX4[1]     ; 19.226 ; 19.226 ; 19.226 ; 19.226 ;
; SRAM_DQ[15] ; HEX4[2]     ; 19.217 ; 19.217 ; 19.217 ; 19.217 ;
; SRAM_DQ[15] ; HEX4[3]     ; 19.489 ; 19.489 ; 19.489 ; 19.489 ;
; SRAM_DQ[15] ; HEX4[4]     ; 19.537 ; 19.537 ; 19.537 ; 19.537 ;
; SRAM_DQ[15] ; HEX4[5]     ; 19.497 ; 19.497 ; 19.497 ; 19.497 ;
; SRAM_DQ[15] ; HEX4[6]     ; 19.536 ; 19.536 ; 19.536 ; 19.536 ;
; SRAM_DQ[15] ; HEX5[0]     ; 21.641 ; 21.641 ; 21.641 ; 21.641 ;
; SRAM_DQ[15] ; HEX5[1]     ; 21.598 ; 21.598 ; 21.598 ; 21.598 ;
; SRAM_DQ[15] ; HEX5[2]     ; 21.601 ; 21.601 ; 21.601 ; 21.601 ;
; SRAM_DQ[15] ; HEX5[3]     ; 21.935 ; 21.935 ; 21.935 ; 21.935 ;
; SRAM_DQ[15] ; HEX5[4]     ; 21.902 ; 21.902 ; 21.902 ; 21.902 ;
; SRAM_DQ[15] ; HEX5[5]     ; 22.001 ; 22.001 ; 22.001 ; 22.001 ;
; SRAM_DQ[15] ; HEX5[6]     ; 21.923 ; 21.923 ; 21.923 ; 21.923 ;
; SRAM_DQ[15] ; LEDG[8]     ; 12.966 ;        ;        ; 12.966 ;
+-------------+-------------+--------+--------+--------+--------+


+---------------------------------------------------------------+
; Minimum Propagation Delay                                     ;
+-------------+-------------+--------+--------+--------+--------+
; Input Port  ; Output Port ; RR     ; RF     ; FR     ; FF     ;
+-------------+-------------+--------+--------+--------+--------+
; CLOCK_50    ; VGA_CLK     ; 2.937  ;        ;        ; 2.937  ;
; SRAM_DQ[3]  ; LEDG[8]     ; 11.673 ;        ;        ; 11.673 ;
; SRAM_DQ[6]  ; HEX4[0]     ; 13.666 ; 13.666 ; 13.666 ; 13.666 ;
; SRAM_DQ[6]  ; HEX4[1]     ; 13.681 ; 13.681 ; 13.681 ; 13.681 ;
; SRAM_DQ[6]  ; HEX4[2]     ; 13.684 ; 13.684 ; 13.684 ; 13.684 ;
; SRAM_DQ[6]  ; HEX4[3]     ; 13.934 ; 13.934 ; 13.934 ; 13.934 ;
; SRAM_DQ[6]  ; HEX4[4]     ; 13.980 ; 13.980 ; 13.980 ; 13.980 ;
; SRAM_DQ[6]  ; HEX4[5]     ; 13.972 ; 13.972 ; 13.972 ; 13.972 ;
; SRAM_DQ[6]  ; HEX4[6]     ; 13.991 ; 13.991 ; 13.991 ; 13.991 ;
; SRAM_DQ[6]  ; HEX5[0]     ; 14.691 ; 14.691 ; 14.691 ; 14.691 ;
; SRAM_DQ[6]  ; HEX5[1]     ; 14.649 ; 14.649 ; 14.649 ; 14.649 ;
; SRAM_DQ[6]  ; HEX5[2]     ; 14.625 ; 14.625 ; 14.625 ; 14.625 ;
; SRAM_DQ[6]  ; HEX5[3]     ; 14.982 ; 14.982 ; 14.982 ; 14.982 ;
; SRAM_DQ[6]  ; HEX5[4]     ; 14.962 ; 14.962 ; 14.962 ; 14.962 ;
; SRAM_DQ[6]  ; HEX5[5]     ; 15.020 ; 15.020 ; 15.020 ; 15.020 ;
; SRAM_DQ[6]  ; HEX5[6]     ; 14.985 ; 14.985 ; 14.985 ; 14.985 ;
; SRAM_DQ[7]  ; HEX4[0]     ; 13.092 ; 13.092 ; 13.092 ; 13.092 ;
; SRAM_DQ[7]  ; HEX4[1]     ; 13.107 ; 13.107 ; 13.107 ; 13.107 ;
; SRAM_DQ[7]  ; HEX4[2]     ; 13.110 ; 13.110 ; 13.110 ; 13.110 ;
; SRAM_DQ[7]  ; HEX4[3]     ; 13.360 ; 13.360 ; 13.360 ; 13.360 ;
; SRAM_DQ[7]  ; HEX4[4]     ; 13.406 ; 13.406 ; 13.406 ; 13.406 ;
; SRAM_DQ[7]  ; HEX4[5]     ; 13.398 ; 13.398 ; 13.398 ; 13.398 ;
; SRAM_DQ[7]  ; HEX4[6]     ; 13.417 ; 13.417 ; 13.417 ; 13.417 ;
; SRAM_DQ[7]  ; HEX5[0]     ; 13.680 ; 13.680 ; 13.680 ; 13.680 ;
; SRAM_DQ[7]  ; HEX5[1]     ; 13.643 ; 13.643 ; 13.643 ; 13.643 ;
; SRAM_DQ[7]  ; HEX5[2]     ; 13.635 ; 13.948 ; 13.948 ; 13.635 ;
; SRAM_DQ[7]  ; HEX5[3]     ; 13.975 ; 13.975 ; 13.975 ; 13.975 ;
; SRAM_DQ[7]  ; HEX5[4]     ; 14.285 ; 13.955 ; 13.955 ; 14.285 ;
; SRAM_DQ[7]  ; HEX5[5]     ; 14.035 ; 14.035 ; 14.035 ; 14.035 ;
; SRAM_DQ[7]  ; HEX5[6]     ; 13.978 ; 13.978 ; 13.978 ; 13.978 ;
; SRAM_DQ[8]  ; HEX4[0]     ; 14.999 ; 14.999 ; 14.999 ; 14.999 ;
; SRAM_DQ[8]  ; HEX4[1]     ; 15.014 ; 15.014 ; 15.014 ; 15.014 ;
; SRAM_DQ[8]  ; HEX4[2]     ; 15.002 ; 15.002 ; 15.002 ; 15.002 ;
; SRAM_DQ[8]  ; HEX4[3]     ; 15.267 ; 15.267 ; 15.267 ; 15.267 ;
; SRAM_DQ[8]  ; HEX4[4]     ; 15.313 ; 15.313 ; 15.313 ; 15.313 ;
; SRAM_DQ[8]  ; HEX4[5]     ; 15.305 ; 15.305 ; 15.305 ; 15.305 ;
; SRAM_DQ[8]  ; HEX4[6]     ; 15.324 ; 15.324 ; 15.324 ; 15.324 ;
; SRAM_DQ[8]  ; HEX5[0]     ; 14.792 ; 14.792 ; 14.792 ; 14.792 ;
; SRAM_DQ[8]  ; HEX5[1]     ; 14.750 ; 14.750 ; 14.750 ; 14.750 ;
; SRAM_DQ[8]  ; HEX5[2]     ; 14.726 ; 14.726 ; 14.726 ; 14.726 ;
; SRAM_DQ[8]  ; HEX5[3]     ; 15.083 ; 15.083 ; 15.083 ; 15.083 ;
; SRAM_DQ[8]  ; HEX5[4]     ; 15.063 ; 15.063 ; 15.063 ; 15.063 ;
; SRAM_DQ[8]  ; HEX5[5]     ; 15.121 ; 15.121 ; 15.121 ; 15.121 ;
; SRAM_DQ[8]  ; HEX5[6]     ; 15.086 ; 15.086 ; 15.086 ; 15.086 ;
; SRAM_DQ[9]  ; HEX4[0]     ; 14.469 ; 14.469 ; 14.469 ; 14.469 ;
; SRAM_DQ[9]  ; HEX4[1]     ; 14.484 ; 14.484 ; 14.484 ; 14.484 ;
; SRAM_DQ[9]  ; HEX4[2]     ; 14.487 ; 14.487 ; 14.487 ; 14.487 ;
; SRAM_DQ[9]  ; HEX4[3]     ; 14.737 ; 14.737 ; 14.737 ; 14.737 ;
; SRAM_DQ[9]  ; HEX4[4]     ; 14.783 ; 14.783 ; 14.783 ; 14.783 ;
; SRAM_DQ[9]  ; HEX4[5]     ; 14.775 ; 14.775 ; 14.775 ; 14.775 ;
; SRAM_DQ[9]  ; HEX4[6]     ; 14.794 ; 14.794 ; 14.794 ; 14.794 ;
; SRAM_DQ[9]  ; HEX5[0]     ; 14.492 ; 14.492 ; 14.492 ; 14.492 ;
; SRAM_DQ[9]  ; HEX5[1]     ; 14.450 ; 14.450 ; 14.450 ; 14.450 ;
; SRAM_DQ[9]  ; HEX5[2]     ; 14.426 ; 14.426 ; 14.426 ; 14.426 ;
; SRAM_DQ[9]  ; HEX5[3]     ; 14.783 ; 14.783 ; 14.783 ; 14.783 ;
; SRAM_DQ[9]  ; HEX5[4]     ; 14.763 ; 14.763 ; 14.763 ; 14.763 ;
; SRAM_DQ[9]  ; HEX5[5]     ; 14.821 ; 14.821 ; 14.821 ; 14.821 ;
; SRAM_DQ[9]  ; HEX5[6]     ; 14.786 ; 14.786 ; 14.786 ; 14.786 ;
; SRAM_DQ[10] ; HEX4[0]     ; 13.627 ; 13.627 ; 13.627 ; 13.627 ;
; SRAM_DQ[10] ; HEX4[1]     ; 13.639 ; 13.639 ; 13.639 ; 13.639 ;
; SRAM_DQ[10] ; HEX4[2]     ; 13.619 ; 13.619 ; 13.619 ; 13.619 ;
; SRAM_DQ[10] ; HEX4[3]     ; 13.897 ; 13.897 ; 13.897 ; 13.897 ;
; SRAM_DQ[10] ; HEX4[4]     ; 13.939 ; 13.939 ; 13.939 ; 13.939 ;
; SRAM_DQ[10] ; HEX4[5]     ; 13.934 ; 13.934 ; 13.934 ; 13.934 ;
; SRAM_DQ[10] ; HEX4[6]     ; 13.950 ; 13.950 ; 13.950 ; 13.950 ;
; SRAM_DQ[10] ; HEX5[0]     ; 13.951 ; 13.951 ; 13.951 ; 13.951 ;
; SRAM_DQ[10] ; HEX5[1]     ; 13.909 ; 13.909 ; 13.909 ; 13.909 ;
; SRAM_DQ[10] ; HEX5[2]     ; 13.885 ; 13.885 ; 13.885 ; 13.885 ;
; SRAM_DQ[10] ; HEX5[3]     ; 14.242 ; 14.242 ; 14.242 ; 14.242 ;
; SRAM_DQ[10] ; HEX5[4]     ; 14.222 ; 14.222 ; 14.222 ; 14.222 ;
; SRAM_DQ[10] ; HEX5[5]     ; 14.280 ; 14.280 ; 14.280 ; 14.280 ;
; SRAM_DQ[10] ; HEX5[6]     ; 14.245 ; 14.245 ; 14.245 ; 14.245 ;
; SRAM_DQ[11] ; HEX4[0]     ; 14.037 ; 14.037 ; 14.037 ; 14.037 ;
; SRAM_DQ[11] ; HEX4[1]     ; 14.049 ; 14.049 ; 14.049 ; 14.049 ;
; SRAM_DQ[11] ; HEX4[2]     ; 14.029 ; 14.029 ; 14.029 ; 14.029 ;
; SRAM_DQ[11] ; HEX4[3]     ; 14.307 ; 14.307 ; 14.307 ; 14.307 ;
; SRAM_DQ[11] ; HEX4[4]     ; 14.349 ; 14.349 ; 14.349 ; 14.349 ;
; SRAM_DQ[11] ; HEX4[5]     ; 14.344 ; 14.344 ; 14.344 ; 14.344 ;
; SRAM_DQ[11] ; HEX4[6]     ; 14.360 ; 14.360 ; 14.360 ; 14.360 ;
; SRAM_DQ[11] ; HEX5[0]     ; 13.541 ; 13.541 ; 13.541 ; 13.541 ;
; SRAM_DQ[11] ; HEX5[1]     ; 13.499 ; 13.499 ; 13.499 ; 13.499 ;
; SRAM_DQ[11] ; HEX5[2]     ; 13.475 ; 13.475 ; 13.475 ; 13.475 ;
; SRAM_DQ[11] ; HEX5[3]     ; 13.832 ; 13.832 ; 13.832 ; 13.832 ;
; SRAM_DQ[11] ; HEX5[4]     ; 13.812 ; 13.812 ; 13.812 ; 13.812 ;
; SRAM_DQ[11] ; HEX5[5]     ; 13.870 ; 13.870 ; 13.870 ; 13.870 ;
; SRAM_DQ[11] ; HEX5[6]     ; 13.835 ; 13.835 ; 13.835 ; 13.835 ;
; SRAM_DQ[12] ; HEX4[0]     ; 14.315 ; 14.315 ; 14.315 ; 14.315 ;
; SRAM_DQ[12] ; HEX4[1]     ; 14.330 ; 14.330 ; 14.330 ; 14.330 ;
; SRAM_DQ[12] ; HEX4[2]     ; 14.333 ; 14.333 ; 14.333 ; 14.333 ;
; SRAM_DQ[12] ; HEX4[3]     ; 14.583 ; 14.583 ; 14.583 ; 14.583 ;
; SRAM_DQ[12] ; HEX4[4]     ; 14.629 ; 14.629 ; 14.629 ; 14.629 ;
; SRAM_DQ[12] ; HEX4[5]     ; 14.621 ; 14.621 ; 14.621 ; 14.621 ;
; SRAM_DQ[12] ; HEX4[6]     ; 14.640 ; 14.640 ; 14.640 ; 14.640 ;
; SRAM_DQ[12] ; HEX5[0]     ; 15.585 ; 15.585 ; 15.585 ; 15.585 ;
; SRAM_DQ[12] ; HEX5[1]     ; 15.545 ; 15.545 ; 15.545 ; 15.545 ;
; SRAM_DQ[12] ; HEX5[2]     ; 15.516 ; 15.516 ; 15.516 ; 15.516 ;
; SRAM_DQ[12] ; HEX5[3]     ; 15.880 ; 15.880 ; 15.880 ; 15.880 ;
; SRAM_DQ[12] ; HEX5[4]     ; 15.857 ; 15.857 ; 15.857 ; 15.857 ;
; SRAM_DQ[12] ; HEX5[5]     ; 15.944 ; 15.944 ; 15.944 ; 15.944 ;
; SRAM_DQ[12] ; HEX5[6]     ; 15.880 ; 15.880 ; 15.880 ; 15.880 ;
; SRAM_DQ[13] ; HEX4[0]     ; 13.074 ; 13.074 ; 13.074 ; 13.074 ;
; SRAM_DQ[13] ; HEX4[1]     ; 13.089 ; 13.089 ; 13.089 ; 13.089 ;
; SRAM_DQ[13] ; HEX4[2]     ; 13.092 ; 13.092 ; 13.092 ; 13.092 ;
; SRAM_DQ[13] ; HEX4[3]     ; 13.342 ; 13.342 ; 13.342 ; 13.342 ;
; SRAM_DQ[13] ; HEX4[4]     ; 13.388 ; 13.388 ; 13.388 ; 13.388 ;
; SRAM_DQ[13] ; HEX4[5]     ; 13.380 ; 13.380 ; 13.380 ; 13.380 ;
; SRAM_DQ[13] ; HEX4[6]     ; 13.399 ; 13.399 ; 13.399 ; 13.399 ;
; SRAM_DQ[13] ; HEX5[0]     ; 13.662 ; 13.662 ; 13.662 ; 13.662 ;
; SRAM_DQ[13] ; HEX5[1]     ; 13.625 ; 13.625 ; 13.625 ; 13.625 ;
; SRAM_DQ[13] ; HEX5[2]     ; 13.617 ; 13.930 ; 13.930 ; 13.617 ;
; SRAM_DQ[13] ; HEX5[3]     ; 13.957 ; 13.957 ; 13.957 ; 13.957 ;
; SRAM_DQ[13] ; HEX5[4]     ; 14.267 ; 13.937 ; 13.937 ; 14.267 ;
; SRAM_DQ[13] ; HEX5[5]     ; 14.017 ; 14.017 ; 14.017 ; 14.017 ;
; SRAM_DQ[13] ; HEX5[6]     ; 13.960 ; 13.960 ; 13.960 ; 13.960 ;
; SRAM_DQ[13] ; LEDG[8]     ; 12.933 ;        ;        ; 12.933 ;
; SRAM_DQ[14] ; HEX4[0]     ; 12.755 ; 12.755 ; 12.755 ; 12.755 ;
; SRAM_DQ[14] ; HEX4[1]     ; 12.770 ; 12.770 ; 12.770 ; 12.770 ;
; SRAM_DQ[14] ; HEX4[2]     ; 12.773 ; 12.773 ; 12.773 ; 12.773 ;
; SRAM_DQ[14] ; HEX4[3]     ; 13.023 ; 13.023 ; 13.023 ; 13.023 ;
; SRAM_DQ[14] ; HEX4[4]     ; 13.069 ; 13.069 ; 13.069 ; 13.069 ;
; SRAM_DQ[14] ; HEX4[5]     ; 13.061 ; 13.061 ; 13.061 ; 13.061 ;
; SRAM_DQ[14] ; HEX4[6]     ; 13.080 ; 13.080 ; 13.080 ; 13.080 ;
; SRAM_DQ[14] ; HEX5[0]     ; 13.343 ; 13.343 ; 13.343 ; 13.343 ;
; SRAM_DQ[14] ; HEX5[1]     ; 13.306 ; 13.306 ; 13.306 ; 13.306 ;
; SRAM_DQ[14] ; HEX5[2]     ; 13.298 ; 13.611 ; 13.611 ; 13.298 ;
; SRAM_DQ[14] ; HEX5[3]     ; 13.638 ; 13.638 ; 13.638 ; 13.638 ;
; SRAM_DQ[14] ; HEX5[4]     ; 13.948 ; 13.618 ; 13.618 ; 13.948 ;
; SRAM_DQ[14] ; HEX5[5]     ; 13.698 ; 13.698 ; 13.698 ; 13.698 ;
; SRAM_DQ[14] ; HEX5[6]     ; 13.641 ; 13.641 ; 13.641 ; 13.641 ;
; SRAM_DQ[14] ; LEDG[8]     ; 12.626 ;        ;        ; 12.626 ;
; SRAM_DQ[15] ; HEX4[0]     ; 13.098 ; 13.098 ; 13.098 ; 13.098 ;
; SRAM_DQ[15] ; HEX4[1]     ; 13.113 ; 13.113 ; 13.113 ; 13.113 ;
; SRAM_DQ[15] ; HEX4[2]     ; 13.116 ; 13.116 ; 13.116 ; 13.116 ;
; SRAM_DQ[15] ; HEX4[3]     ; 13.366 ; 13.366 ; 13.366 ; 13.366 ;
; SRAM_DQ[15] ; HEX4[4]     ; 13.412 ; 13.412 ; 13.412 ; 13.412 ;
; SRAM_DQ[15] ; HEX4[5]     ; 13.404 ; 13.404 ; 13.404 ; 13.404 ;
; SRAM_DQ[15] ; HEX4[6]     ; 13.423 ; 13.423 ; 13.423 ; 13.423 ;
; SRAM_DQ[15] ; HEX5[0]     ; 13.686 ; 13.686 ; 13.686 ; 13.686 ;
; SRAM_DQ[15] ; HEX5[1]     ; 13.649 ; 13.649 ; 13.649 ; 13.649 ;
; SRAM_DQ[15] ; HEX5[2]     ; 13.641 ; 13.954 ; 13.954 ; 13.641 ;
; SRAM_DQ[15] ; HEX5[3]     ; 13.981 ; 13.981 ; 13.981 ; 13.981 ;
; SRAM_DQ[15] ; HEX5[4]     ; 14.291 ; 13.961 ; 13.961 ; 14.291 ;
; SRAM_DQ[15] ; HEX5[5]     ; 14.041 ; 14.041 ; 14.041 ; 14.041 ;
; SRAM_DQ[15] ; HEX5[6]     ; 13.984 ; 13.984 ; 13.984 ; 13.984 ;
; SRAM_DQ[15] ; LEDG[8]     ; 12.966 ;        ;        ; 12.966 ;
+-------------+-------------+--------+--------+--------+--------+


----------------------------
; Fast Model Setup Summary ;
----------------------------
No paths to report.


---------------------------
; Fast Model Hold Summary ;
---------------------------
No paths to report.


-------------------------------
; Fast Model Recovery Summary ;
-------------------------------
No paths to report.


------------------------------
; Fast Model Removal Summary ;
------------------------------
No paths to report.


+----------------------------------------------+
; Fast Model Minimum Pulse Width Summary       ;
+---------------------+--------+---------------+
; Clock               ; Slack  ; End Point TNS ;
+---------------------+--------+---------------+
; altera_reserved_tck ; 97.778 ; 0.000         ;
+---------------------+--------+---------------+


+-------------------------------------------------------------------------------------------------------------+
; Fast Model Minimum Pulse Width: 'altera_reserved_tck'                                                       ;
+--------+--------------+----------------+-----------+---------------------+------------+---------------------+
; Slack  ; Actual Width ; Required Width ; Type      ; Clock               ; Clock Edge ; Target              ;
+--------+--------------+----------------+-----------+---------------------+------------+---------------------+
; 97.778 ; 100.000      ; 2.222          ; Port Rate ; altera_reserved_tck ; Rise       ; altera_reserved_tck ;
+--------+--------------+----------------+-----------+---------------------+------------+---------------------+


+---------------------------------------------------------------+
; Propagation Delay                                             ;
+-------------+-------------+--------+--------+--------+--------+
; Input Port  ; Output Port ; RR     ; RF     ; FR     ; FF     ;
+-------------+-------------+--------+--------+--------+--------+
; CLOCK_50    ; VGA_CLK     ; 1.473  ;        ;        ; 1.473  ;
; SRAM_DQ[3]  ; LEDG[8]     ; 6.434  ;        ;        ; 6.434  ;
; SRAM_DQ[6]  ; HEX4[0]     ; 7.766  ; 7.766  ; 7.766  ; 7.766  ;
; SRAM_DQ[6]  ; HEX4[1]     ; 7.771  ; 7.771  ; 7.771  ; 7.771  ;
; SRAM_DQ[6]  ; HEX4[2]     ; 7.790  ; 7.790  ; 7.790  ; 7.790  ;
; SRAM_DQ[6]  ; HEX4[3]     ; 7.884  ; 7.884  ; 7.884  ; 7.884  ;
; SRAM_DQ[6]  ; HEX4[4]     ; 7.917  ; 7.917  ; 7.917  ; 7.917  ;
; SRAM_DQ[6]  ; HEX4[5]     ; 7.917  ; 7.917  ; 7.917  ; 7.917  ;
; SRAM_DQ[6]  ; HEX4[6]     ; 7.915  ; 7.915  ; 7.915  ; 7.915  ;
; SRAM_DQ[6]  ; HEX5[0]     ; 8.338  ; 8.338  ; 8.338  ; 8.338  ;
; SRAM_DQ[6]  ; HEX5[1]     ; 8.301  ; 8.301  ; 8.301  ; 8.301  ;
; SRAM_DQ[6]  ; HEX5[2]     ; 8.303  ; 8.303  ; 8.303  ; 8.303  ;
; SRAM_DQ[6]  ; HEX5[3]     ; 8.467  ; 8.467  ; 8.467  ; 8.467  ;
; SRAM_DQ[6]  ; HEX5[4]     ; 8.439  ; 8.439  ; 8.439  ; 8.439  ;
; SRAM_DQ[6]  ; HEX5[5]     ; 8.505  ; 8.505  ; 8.505  ; 8.505  ;
; SRAM_DQ[6]  ; HEX5[6]     ; 8.464  ; 8.464  ; 8.464  ; 8.464  ;
; SRAM_DQ[7]  ; HEX4[0]     ; 7.610  ; 7.610  ; 7.610  ; 7.610  ;
; SRAM_DQ[7]  ; HEX4[1]     ; 7.615  ; 7.615  ; 7.615  ; 7.615  ;
; SRAM_DQ[7]  ; HEX4[2]     ; 7.634  ; 7.634  ; 7.634  ; 7.634  ;
; SRAM_DQ[7]  ; HEX4[3]     ; 7.728  ; 7.728  ; 7.728  ; 7.728  ;
; SRAM_DQ[7]  ; HEX4[4]     ; 7.761  ; 7.761  ; 7.761  ; 7.761  ;
; SRAM_DQ[7]  ; HEX4[5]     ; 7.761  ; 7.761  ; 7.761  ; 7.761  ;
; SRAM_DQ[7]  ; HEX4[6]     ; 7.759  ; 7.759  ; 7.759  ; 7.759  ;
; SRAM_DQ[7]  ; HEX5[0]     ; 7.875  ; 7.875  ; 7.875  ; 7.875  ;
; SRAM_DQ[7]  ; HEX5[1]     ; 7.671  ; 7.838  ; 7.838  ; 7.671  ;
; SRAM_DQ[7]  ; HEX5[2]     ; 7.840  ; 7.840  ; 7.840  ; 7.840  ;
; SRAM_DQ[7]  ; HEX5[3]     ; 8.004  ; 8.004  ; 8.004  ; 8.004  ;
; SRAM_DQ[7]  ; HEX5[4]     ; 7.976  ; 7.976  ; 7.976  ; 7.976  ;
; SRAM_DQ[7]  ; HEX5[5]     ; 8.042  ; 8.042  ; 8.042  ; 8.042  ;
; SRAM_DQ[7]  ; HEX5[6]     ; 8.001  ; 8.001  ; 8.001  ; 8.001  ;
; SRAM_DQ[8]  ; HEX4[0]     ; 9.842  ; 9.842  ; 9.842  ; 9.842  ;
; SRAM_DQ[8]  ; HEX4[1]     ; 9.847  ; 9.847  ; 9.847  ; 9.847  ;
; SRAM_DQ[8]  ; HEX4[2]     ; 9.866  ; 9.866  ; 9.866  ; 9.866  ;
; SRAM_DQ[8]  ; HEX4[3]     ; 9.960  ; 9.960  ; 9.960  ; 9.960  ;
; SRAM_DQ[8]  ; HEX4[4]     ; 9.993  ; 9.993  ; 9.993  ; 9.993  ;
; SRAM_DQ[8]  ; HEX4[5]     ; 9.993  ; 9.993  ; 9.993  ; 9.993  ;
; SRAM_DQ[8]  ; HEX4[6]     ; 9.991  ; 9.991  ; 9.991  ; 9.991  ;
; SRAM_DQ[8]  ; HEX5[0]     ; 10.864 ; 10.864 ; 10.864 ; 10.864 ;
; SRAM_DQ[8]  ; HEX5[1]     ; 10.827 ; 10.827 ; 10.827 ; 10.827 ;
; SRAM_DQ[8]  ; HEX5[2]     ; 10.829 ; 10.829 ; 10.829 ; 10.829 ;
; SRAM_DQ[8]  ; HEX5[3]     ; 10.993 ; 10.993 ; 10.993 ; 10.993 ;
; SRAM_DQ[8]  ; HEX5[4]     ; 10.965 ; 10.965 ; 10.965 ; 10.965 ;
; SRAM_DQ[8]  ; HEX5[5]     ; 11.031 ; 11.031 ; 11.031 ; 11.031 ;
; SRAM_DQ[8]  ; HEX5[6]     ; 10.990 ; 10.990 ; 10.990 ; 10.990 ;
; SRAM_DQ[9]  ; HEX4[0]     ; 9.440  ; 9.440  ; 9.440  ; 9.440  ;
; SRAM_DQ[9]  ; HEX4[1]     ; 9.445  ; 9.445  ; 9.445  ; 9.445  ;
; SRAM_DQ[9]  ; HEX4[2]     ; 9.464  ; 9.464  ; 9.464  ; 9.464  ;
; SRAM_DQ[9]  ; HEX4[3]     ; 9.558  ; 9.558  ; 9.558  ; 9.558  ;
; SRAM_DQ[9]  ; HEX4[4]     ; 9.591  ; 9.591  ; 9.591  ; 9.591  ;
; SRAM_DQ[9]  ; HEX4[5]     ; 9.591  ; 9.591  ; 9.591  ; 9.591  ;
; SRAM_DQ[9]  ; HEX4[6]     ; 9.589  ; 9.589  ; 9.589  ; 9.589  ;
; SRAM_DQ[9]  ; HEX5[0]     ; 10.462 ; 10.462 ; 10.462 ; 10.462 ;
; SRAM_DQ[9]  ; HEX5[1]     ; 10.425 ; 10.425 ; 10.425 ; 10.425 ;
; SRAM_DQ[9]  ; HEX5[2]     ; 10.427 ; 10.427 ; 10.427 ; 10.427 ;
; SRAM_DQ[9]  ; HEX5[3]     ; 10.591 ; 10.591 ; 10.591 ; 10.591 ;
; SRAM_DQ[9]  ; HEX5[4]     ; 10.563 ; 10.563 ; 10.563 ; 10.563 ;
; SRAM_DQ[9]  ; HEX5[5]     ; 10.629 ; 10.629 ; 10.629 ; 10.629 ;
; SRAM_DQ[9]  ; HEX5[6]     ; 10.588 ; 10.588 ; 10.588 ; 10.588 ;
; SRAM_DQ[10] ; HEX4[0]     ; 8.439  ; 8.439  ; 8.439  ; 8.439  ;
; SRAM_DQ[10] ; HEX4[1]     ; 8.444  ; 8.444  ; 8.444  ; 8.444  ;
; SRAM_DQ[10] ; HEX4[2]     ; 8.463  ; 8.463  ; 8.463  ; 8.463  ;
; SRAM_DQ[10] ; HEX4[3]     ; 8.557  ; 8.557  ; 8.557  ; 8.557  ;
; SRAM_DQ[10] ; HEX4[4]     ; 8.590  ; 8.590  ; 8.590  ; 8.590  ;
; SRAM_DQ[10] ; HEX4[5]     ; 8.590  ; 8.590  ; 8.590  ; 8.590  ;
; SRAM_DQ[10] ; HEX4[6]     ; 8.588  ; 8.588  ; 8.588  ; 8.588  ;
; SRAM_DQ[10] ; HEX5[0]     ; 9.461  ; 9.461  ; 9.461  ; 9.461  ;
; SRAM_DQ[10] ; HEX5[1]     ; 9.424  ; 9.424  ; 9.424  ; 9.424  ;
; SRAM_DQ[10] ; HEX5[2]     ; 9.426  ; 9.426  ; 9.426  ; 9.426  ;
; SRAM_DQ[10] ; HEX5[3]     ; 9.590  ; 9.590  ; 9.590  ; 9.590  ;
; SRAM_DQ[10] ; HEX5[4]     ; 9.562  ; 9.562  ; 9.562  ; 9.562  ;
; SRAM_DQ[10] ; HEX5[5]     ; 9.628  ; 9.628  ; 9.628  ; 9.628  ;
; SRAM_DQ[10] ; HEX5[6]     ; 9.587  ; 9.587  ; 9.587  ; 9.587  ;
; SRAM_DQ[11] ; HEX4[0]     ; 8.508  ; 8.508  ; 8.508  ; 8.508  ;
; SRAM_DQ[11] ; HEX4[1]     ; 8.513  ; 8.513  ; 8.513  ; 8.513  ;
; SRAM_DQ[11] ; HEX4[2]     ; 8.532  ; 8.532  ; 8.532  ; 8.532  ;
; SRAM_DQ[11] ; HEX4[3]     ; 8.626  ; 8.626  ; 8.626  ; 8.626  ;
; SRAM_DQ[11] ; HEX4[4]     ; 8.659  ; 8.659  ; 8.659  ; 8.659  ;
; SRAM_DQ[11] ; HEX4[5]     ; 8.659  ; 8.659  ; 8.659  ; 8.659  ;
; SRAM_DQ[11] ; HEX4[6]     ; 8.657  ; 8.657  ; 8.657  ; 8.657  ;
; SRAM_DQ[11] ; HEX5[0]     ; 9.530  ; 9.530  ; 9.530  ; 9.530  ;
; SRAM_DQ[11] ; HEX5[1]     ; 9.493  ; 9.493  ; 9.493  ; 9.493  ;
; SRAM_DQ[11] ; HEX5[2]     ; 9.495  ; 9.495  ; 9.495  ; 9.495  ;
; SRAM_DQ[11] ; HEX5[3]     ; 9.659  ; 9.659  ; 9.659  ; 9.659  ;
; SRAM_DQ[11] ; HEX5[4]     ; 9.631  ; 9.631  ; 9.631  ; 9.631  ;
; SRAM_DQ[11] ; HEX5[5]     ; 9.697  ; 9.697  ; 9.697  ; 9.697  ;
; SRAM_DQ[11] ; HEX5[6]     ; 9.656  ; 9.656  ; 9.656  ; 9.656  ;
; SRAM_DQ[12] ; HEX4[0]     ; 9.252  ; 9.252  ; 9.252  ; 9.252  ;
; SRAM_DQ[12] ; HEX4[1]     ; 9.257  ; 9.257  ; 9.257  ; 9.257  ;
; SRAM_DQ[12] ; HEX4[2]     ; 9.276  ; 9.276  ; 9.276  ; 9.276  ;
; SRAM_DQ[12] ; HEX4[3]     ; 9.370  ; 9.370  ; 9.370  ; 9.370  ;
; SRAM_DQ[12] ; HEX4[4]     ; 9.403  ; 9.403  ; 9.403  ; 9.403  ;
; SRAM_DQ[12] ; HEX4[5]     ; 9.403  ; 9.403  ; 9.403  ; 9.403  ;
; SRAM_DQ[12] ; HEX4[6]     ; 9.401  ; 9.401  ; 9.401  ; 9.401  ;
; SRAM_DQ[12] ; HEX5[0]     ; 10.274 ; 10.274 ; 10.274 ; 10.274 ;
; SRAM_DQ[12] ; HEX5[1]     ; 10.237 ; 10.237 ; 10.237 ; 10.237 ;
; SRAM_DQ[12] ; HEX5[2]     ; 10.239 ; 10.239 ; 10.239 ; 10.239 ;
; SRAM_DQ[12] ; HEX5[3]     ; 10.403 ; 10.403 ; 10.403 ; 10.403 ;
; SRAM_DQ[12] ; HEX5[4]     ; 10.375 ; 10.375 ; 10.375 ; 10.375 ;
; SRAM_DQ[12] ; HEX5[5]     ; 10.441 ; 10.441 ; 10.441 ; 10.441 ;
; SRAM_DQ[12] ; HEX5[6]     ; 10.400 ; 10.400 ; 10.400 ; 10.400 ;
; SRAM_DQ[13] ; HEX4[0]     ; 9.728  ; 9.728  ; 9.728  ; 9.728  ;
; SRAM_DQ[13] ; HEX4[1]     ; 9.733  ; 9.733  ; 9.733  ; 9.733  ;
; SRAM_DQ[13] ; HEX4[2]     ; 9.752  ; 9.752  ; 9.752  ; 9.752  ;
; SRAM_DQ[13] ; HEX4[3]     ; 9.846  ; 9.846  ; 9.846  ; 9.846  ;
; SRAM_DQ[13] ; HEX4[4]     ; 9.879  ; 9.879  ; 9.879  ; 9.879  ;
; SRAM_DQ[13] ; HEX4[5]     ; 9.879  ; 9.879  ; 9.879  ; 9.879  ;
; SRAM_DQ[13] ; HEX4[6]     ; 9.877  ; 9.877  ; 9.877  ; 9.877  ;
; SRAM_DQ[13] ; HEX5[0]     ; 10.750 ; 10.750 ; 10.750 ; 10.750 ;
; SRAM_DQ[13] ; HEX5[1]     ; 10.713 ; 10.713 ; 10.713 ; 10.713 ;
; SRAM_DQ[13] ; HEX5[2]     ; 10.715 ; 10.715 ; 10.715 ; 10.715 ;
; SRAM_DQ[13] ; HEX5[3]     ; 10.879 ; 10.879 ; 10.879 ; 10.879 ;
; SRAM_DQ[13] ; HEX5[4]     ; 10.851 ; 10.851 ; 10.851 ; 10.851 ;
; SRAM_DQ[13] ; HEX5[5]     ; 10.917 ; 10.917 ; 10.917 ; 10.917 ;
; SRAM_DQ[13] ; HEX5[6]     ; 10.876 ; 10.876 ; 10.876 ; 10.876 ;
; SRAM_DQ[13] ; LEDG[8]     ; 6.972  ;        ;        ; 6.972  ;
; SRAM_DQ[14] ; HEX4[0]     ; 9.555  ; 9.555  ; 9.555  ; 9.555  ;
; SRAM_DQ[14] ; HEX4[1]     ; 9.560  ; 9.560  ; 9.560  ; 9.560  ;
; SRAM_DQ[14] ; HEX4[2]     ; 9.579  ; 9.579  ; 9.579  ; 9.579  ;
; SRAM_DQ[14] ; HEX4[3]     ; 9.673  ; 9.673  ; 9.673  ; 9.673  ;
; SRAM_DQ[14] ; HEX4[4]     ; 9.706  ; 9.706  ; 9.706  ; 9.706  ;
; SRAM_DQ[14] ; HEX4[5]     ; 9.706  ; 9.706  ; 9.706  ; 9.706  ;
; SRAM_DQ[14] ; HEX4[6]     ; 9.704  ; 9.704  ; 9.704  ; 9.704  ;
; SRAM_DQ[14] ; HEX5[0]     ; 10.577 ; 10.577 ; 10.577 ; 10.577 ;
; SRAM_DQ[14] ; HEX5[1]     ; 10.540 ; 10.540 ; 10.540 ; 10.540 ;
; SRAM_DQ[14] ; HEX5[2]     ; 10.542 ; 10.542 ; 10.542 ; 10.542 ;
; SRAM_DQ[14] ; HEX5[3]     ; 10.706 ; 10.706 ; 10.706 ; 10.706 ;
; SRAM_DQ[14] ; HEX5[4]     ; 10.678 ; 10.678 ; 10.678 ; 10.678 ;
; SRAM_DQ[14] ; HEX5[5]     ; 10.744 ; 10.744 ; 10.744 ; 10.744 ;
; SRAM_DQ[14] ; HEX5[6]     ; 10.703 ; 10.703 ; 10.703 ; 10.703 ;
; SRAM_DQ[14] ; LEDG[8]     ; 6.799  ;        ;        ; 6.799  ;
; SRAM_DQ[15] ; HEX4[0]     ; 9.724  ; 9.724  ; 9.724  ; 9.724  ;
; SRAM_DQ[15] ; HEX4[1]     ; 9.729  ; 9.729  ; 9.729  ; 9.729  ;
; SRAM_DQ[15] ; HEX4[2]     ; 9.748  ; 9.748  ; 9.748  ; 9.748  ;
; SRAM_DQ[15] ; HEX4[3]     ; 9.842  ; 9.842  ; 9.842  ; 9.842  ;
; SRAM_DQ[15] ; HEX4[4]     ; 9.875  ; 9.875  ; 9.875  ; 9.875  ;
; SRAM_DQ[15] ; HEX4[5]     ; 9.875  ; 9.875  ; 9.875  ; 9.875  ;
; SRAM_DQ[15] ; HEX4[6]     ; 9.873  ; 9.873  ; 9.873  ; 9.873  ;
; SRAM_DQ[15] ; HEX5[0]     ; 10.746 ; 10.746 ; 10.746 ; 10.746 ;
; SRAM_DQ[15] ; HEX5[1]     ; 10.709 ; 10.709 ; 10.709 ; 10.709 ;
; SRAM_DQ[15] ; HEX5[2]     ; 10.711 ; 10.711 ; 10.711 ; 10.711 ;
; SRAM_DQ[15] ; HEX5[3]     ; 10.875 ; 10.875 ; 10.875 ; 10.875 ;
; SRAM_DQ[15] ; HEX5[4]     ; 10.847 ; 10.847 ; 10.847 ; 10.847 ;
; SRAM_DQ[15] ; HEX5[5]     ; 10.913 ; 10.913 ; 10.913 ; 10.913 ;
; SRAM_DQ[15] ; HEX5[6]     ; 10.872 ; 10.872 ; 10.872 ; 10.872 ;
; SRAM_DQ[15] ; LEDG[8]     ; 6.968  ;        ;        ; 6.968  ;
+-------------+-------------+--------+--------+--------+--------+


+-----------------------------------------------------------+
; Minimum Propagation Delay                                 ;
+-------------+-------------+-------+-------+-------+-------+
; Input Port  ; Output Port ; RR    ; RF    ; FR    ; FF    ;
+-------------+-------------+-------+-------+-------+-------+
; CLOCK_50    ; VGA_CLK     ; 1.473 ;       ;       ; 1.473 ;
; SRAM_DQ[3]  ; LEDG[8]     ; 6.434 ;       ;       ; 6.434 ;
; SRAM_DQ[6]  ; HEX4[0]     ; 7.213 ; 7.213 ; 7.213 ; 7.213 ;
; SRAM_DQ[6]  ; HEX4[1]     ; 7.224 ; 7.224 ; 7.224 ; 7.224 ;
; SRAM_DQ[6]  ; HEX4[2]     ; 7.224 ; 7.224 ; 7.224 ; 7.224 ;
; SRAM_DQ[6]  ; HEX4[3]     ; 7.322 ; 7.322 ; 7.322 ; 7.322 ;
; SRAM_DQ[6]  ; HEX4[4]     ; 7.360 ; 7.360 ; 7.360 ; 7.360 ;
; SRAM_DQ[6]  ; HEX4[5]     ; 7.355 ; 7.355 ; 7.355 ; 7.355 ;
; SRAM_DQ[6]  ; HEX4[6]     ; 7.369 ; 7.369 ; 7.369 ; 7.369 ;
; SRAM_DQ[6]  ; HEX5[0]     ; 7.678 ; 7.678 ; 7.678 ; 7.678 ;
; SRAM_DQ[6]  ; HEX5[1]     ; 7.641 ; 7.641 ; 7.641 ; 7.641 ;
; SRAM_DQ[6]  ; HEX5[2]     ; 7.649 ; 7.649 ; 7.649 ; 7.649 ;
; SRAM_DQ[6]  ; HEX5[3]     ; 7.808 ; 7.808 ; 7.808 ; 7.808 ;
; SRAM_DQ[6]  ; HEX5[4]     ; 7.786 ; 7.786 ; 7.786 ; 7.786 ;
; SRAM_DQ[6]  ; HEX5[5]     ; 7.849 ; 7.849 ; 7.849 ; 7.849 ;
; SRAM_DQ[6]  ; HEX5[6]     ; 7.816 ; 7.816 ; 7.816 ; 7.816 ;
; SRAM_DQ[7]  ; HEX4[0]     ; 6.920 ; 6.920 ; 6.920 ; 6.920 ;
; SRAM_DQ[7]  ; HEX4[1]     ; 6.931 ; 6.931 ; 6.931 ; 6.931 ;
; SRAM_DQ[7]  ; HEX4[2]     ; 6.931 ; 6.931 ; 6.931 ; 6.931 ;
; SRAM_DQ[7]  ; HEX4[3]     ; 7.029 ; 7.029 ; 7.029 ; 7.029 ;
; SRAM_DQ[7]  ; HEX4[4]     ; 7.067 ; 7.067 ; 7.067 ; 7.067 ;
; SRAM_DQ[7]  ; HEX4[5]     ; 7.062 ; 7.062 ; 7.062 ; 7.062 ;
; SRAM_DQ[7]  ; HEX4[6]     ; 7.076 ; 7.076 ; 7.076 ; 7.076 ;
; SRAM_DQ[7]  ; HEX5[0]     ; 7.163 ; 7.163 ; 7.163 ; 7.163 ;
; SRAM_DQ[7]  ; HEX5[1]     ; 7.130 ; 7.130 ; 7.130 ; 7.130 ;
; SRAM_DQ[7]  ; HEX5[2]     ; 7.124 ; 7.314 ; 7.314 ; 7.124 ;
; SRAM_DQ[7]  ; HEX5[3]     ; 7.293 ; 7.293 ; 7.293 ; 7.293 ;
; SRAM_DQ[7]  ; HEX5[4]     ; 7.451 ; 7.276 ; 7.276 ; 7.451 ;
; SRAM_DQ[7]  ; HEX5[5]     ; 7.326 ; 7.326 ; 7.326 ; 7.326 ;
; SRAM_DQ[7]  ; HEX5[6]     ; 7.305 ; 7.305 ; 7.305 ; 7.305 ;
; SRAM_DQ[8]  ; HEX4[0]     ; 7.840 ; 7.840 ; 7.840 ; 7.840 ;
; SRAM_DQ[8]  ; HEX4[1]     ; 7.852 ; 7.852 ; 7.852 ; 7.852 ;
; SRAM_DQ[8]  ; HEX4[2]     ; 7.854 ; 7.854 ; 7.854 ; 7.854 ;
; SRAM_DQ[8]  ; HEX4[3]     ; 7.953 ; 7.953 ; 7.953 ; 7.953 ;
; SRAM_DQ[8]  ; HEX4[4]     ; 7.985 ; 7.985 ; 7.985 ; 7.985 ;
; SRAM_DQ[8]  ; HEX4[5]     ; 7.990 ; 7.990 ; 7.990 ; 7.990 ;
; SRAM_DQ[8]  ; HEX4[6]     ; 7.996 ; 7.996 ; 7.996 ; 7.996 ;
; SRAM_DQ[8]  ; HEX5[0]     ; 7.729 ; 7.729 ; 7.729 ; 7.729 ;
; SRAM_DQ[8]  ; HEX5[1]     ; 7.692 ; 7.692 ; 7.692 ; 7.692 ;
; SRAM_DQ[8]  ; HEX5[2]     ; 7.700 ; 7.700 ; 7.700 ; 7.700 ;
; SRAM_DQ[8]  ; HEX5[3]     ; 7.859 ; 7.859 ; 7.859 ; 7.859 ;
; SRAM_DQ[8]  ; HEX5[4]     ; 7.837 ; 7.837 ; 7.837 ; 7.837 ;
; SRAM_DQ[8]  ; HEX5[5]     ; 7.900 ; 7.900 ; 7.900 ; 7.900 ;
; SRAM_DQ[8]  ; HEX5[6]     ; 7.867 ; 7.867 ; 7.867 ; 7.867 ;
; SRAM_DQ[9]  ; HEX4[0]     ; 7.595 ; 7.595 ; 7.595 ; 7.595 ;
; SRAM_DQ[9]  ; HEX4[1]     ; 7.606 ; 7.606 ; 7.606 ; 7.606 ;
; SRAM_DQ[9]  ; HEX4[2]     ; 7.606 ; 7.606 ; 7.606 ; 7.606 ;
; SRAM_DQ[9]  ; HEX4[3]     ; 7.704 ; 7.704 ; 7.704 ; 7.704 ;
; SRAM_DQ[9]  ; HEX4[4]     ; 7.742 ; 7.742 ; 7.742 ; 7.742 ;
; SRAM_DQ[9]  ; HEX4[5]     ; 7.737 ; 7.737 ; 7.737 ; 7.737 ;
; SRAM_DQ[9]  ; HEX4[6]     ; 7.751 ; 7.751 ; 7.751 ; 7.751 ;
; SRAM_DQ[9]  ; HEX5[0]     ; 7.591 ; 7.591 ; 7.591 ; 7.591 ;
; SRAM_DQ[9]  ; HEX5[1]     ; 7.554 ; 7.554 ; 7.554 ; 7.554 ;
; SRAM_DQ[9]  ; HEX5[2]     ; 7.562 ; 7.562 ; 7.562 ; 7.562 ;
; SRAM_DQ[9]  ; HEX5[3]     ; 7.721 ; 7.721 ; 7.721 ; 7.721 ;
; SRAM_DQ[9]  ; HEX5[4]     ; 7.699 ; 7.699 ; 7.699 ; 7.699 ;
; SRAM_DQ[9]  ; HEX5[5]     ; 7.762 ; 7.762 ; 7.762 ; 7.762 ;
; SRAM_DQ[9]  ; HEX5[6]     ; 7.729 ; 7.729 ; 7.729 ; 7.729 ;
; SRAM_DQ[10] ; HEX4[0]     ; 7.253 ; 7.253 ; 7.253 ; 7.253 ;
; SRAM_DQ[10] ; HEX4[1]     ; 7.265 ; 7.265 ; 7.265 ; 7.265 ;
; SRAM_DQ[10] ; HEX4[2]     ; 7.267 ; 7.267 ; 7.267 ; 7.267 ;
; SRAM_DQ[10] ; HEX4[3]     ; 7.366 ; 7.366 ; 7.366 ; 7.366 ;
; SRAM_DQ[10] ; HEX4[4]     ; 7.398 ; 7.398 ; 7.398 ; 7.398 ;
; SRAM_DQ[10] ; HEX4[5]     ; 7.403 ; 7.403 ; 7.403 ; 7.403 ;
; SRAM_DQ[10] ; HEX4[6]     ; 7.409 ; 7.409 ; 7.409 ; 7.409 ;
; SRAM_DQ[10] ; HEX5[0]     ; 7.383 ; 7.383 ; 7.383 ; 7.383 ;
; SRAM_DQ[10] ; HEX5[1]     ; 7.346 ; 7.346 ; 7.346 ; 7.346 ;
; SRAM_DQ[10] ; HEX5[2]     ; 7.354 ; 7.354 ; 7.354 ; 7.354 ;
; SRAM_DQ[10] ; HEX5[3]     ; 7.513 ; 7.513 ; 7.513 ; 7.513 ;
; SRAM_DQ[10] ; HEX5[4]     ; 7.491 ; 7.491 ; 7.491 ; 7.491 ;
; SRAM_DQ[10] ; HEX5[5]     ; 7.554 ; 7.554 ; 7.554 ; 7.554 ;
; SRAM_DQ[10] ; HEX5[6]     ; 7.521 ; 7.521 ; 7.521 ; 7.521 ;
; SRAM_DQ[11] ; HEX4[0]     ; 7.374 ; 7.374 ; 7.374 ; 7.374 ;
; SRAM_DQ[11] ; HEX4[1]     ; 7.386 ; 7.386 ; 7.386 ; 7.386 ;
; SRAM_DQ[11] ; HEX4[2]     ; 7.388 ; 7.388 ; 7.388 ; 7.388 ;
; SRAM_DQ[11] ; HEX4[3]     ; 7.487 ; 7.487 ; 7.487 ; 7.487 ;
; SRAM_DQ[11] ; HEX4[4]     ; 7.519 ; 7.519 ; 7.519 ; 7.519 ;
; SRAM_DQ[11] ; HEX4[5]     ; 7.524 ; 7.524 ; 7.524 ; 7.524 ;
; SRAM_DQ[11] ; HEX4[6]     ; 7.530 ; 7.530 ; 7.530 ; 7.530 ;
; SRAM_DQ[11] ; HEX5[0]     ; 7.144 ; 7.144 ; 7.144 ; 7.144 ;
; SRAM_DQ[11] ; HEX5[1]     ; 7.107 ; 7.107 ; 7.107 ; 7.107 ;
; SRAM_DQ[11] ; HEX5[2]     ; 7.115 ; 7.115 ; 7.115 ; 7.115 ;
; SRAM_DQ[11] ; HEX5[3]     ; 7.274 ; 7.274 ; 7.274 ; 7.274 ;
; SRAM_DQ[11] ; HEX5[4]     ; 7.252 ; 7.252 ; 7.252 ; 7.252 ;
; SRAM_DQ[11] ; HEX5[5]     ; 7.315 ; 7.315 ; 7.315 ; 7.315 ;
; SRAM_DQ[11] ; HEX5[6]     ; 7.282 ; 7.282 ; 7.282 ; 7.282 ;
; SRAM_DQ[12] ; HEX4[0]     ; 7.488 ; 7.488 ; 7.488 ; 7.488 ;
; SRAM_DQ[12] ; HEX4[1]     ; 7.499 ; 7.499 ; 7.499 ; 7.499 ;
; SRAM_DQ[12] ; HEX4[2]     ; 7.499 ; 7.499 ; 7.499 ; 7.499 ;
; SRAM_DQ[12] ; HEX4[3]     ; 7.597 ; 7.597 ; 7.597 ; 7.597 ;
; SRAM_DQ[12] ; HEX4[4]     ; 7.635 ; 7.635 ; 7.635 ; 7.635 ;
; SRAM_DQ[12] ; HEX4[5]     ; 7.630 ; 7.630 ; 7.630 ; 7.630 ;
; SRAM_DQ[12] ; HEX4[6]     ; 7.644 ; 7.644 ; 7.644 ; 7.644 ;
; SRAM_DQ[12] ; HEX5[0]     ; 8.003 ; 8.003 ; 8.003 ; 8.003 ;
; SRAM_DQ[12] ; HEX5[1]     ; 7.971 ; 7.971 ; 7.971 ; 7.971 ;
; SRAM_DQ[12] ; HEX5[2]     ; 7.969 ; 7.969 ; 7.969 ; 7.969 ;
; SRAM_DQ[12] ; HEX5[3]     ; 8.135 ; 8.135 ; 8.135 ; 8.135 ;
; SRAM_DQ[12] ; HEX5[4]     ; 8.114 ; 8.114 ; 8.114 ; 8.114 ;
; SRAM_DQ[12] ; HEX5[5]     ; 8.178 ; 8.178 ; 8.178 ; 8.178 ;
; SRAM_DQ[12] ; HEX5[6]     ; 8.142 ; 8.142 ; 8.142 ; 8.142 ;
; SRAM_DQ[13] ; HEX4[0]     ; 6.965 ; 6.965 ; 6.965 ; 6.965 ;
; SRAM_DQ[13] ; HEX4[1]     ; 6.976 ; 6.976 ; 6.976 ; 6.976 ;
; SRAM_DQ[13] ; HEX4[2]     ; 6.976 ; 6.976 ; 6.976 ; 6.976 ;
; SRAM_DQ[13] ; HEX4[3]     ; 7.074 ; 7.074 ; 7.074 ; 7.074 ;
; SRAM_DQ[13] ; HEX4[4]     ; 7.112 ; 7.112 ; 7.112 ; 7.112 ;
; SRAM_DQ[13] ; HEX4[5]     ; 7.107 ; 7.107 ; 7.107 ; 7.107 ;
; SRAM_DQ[13] ; HEX4[6]     ; 7.121 ; 7.121 ; 7.121 ; 7.121 ;
; SRAM_DQ[13] ; HEX5[0]     ; 7.208 ; 7.208 ; 7.208 ; 7.208 ;
; SRAM_DQ[13] ; HEX5[1]     ; 7.175 ; 7.175 ; 7.175 ; 7.175 ;
; SRAM_DQ[13] ; HEX5[2]     ; 7.169 ; 7.359 ; 7.359 ; 7.169 ;
; SRAM_DQ[13] ; HEX5[3]     ; 7.338 ; 7.338 ; 7.338 ; 7.338 ;
; SRAM_DQ[13] ; HEX5[4]     ; 7.496 ; 7.321 ; 7.321 ; 7.496 ;
; SRAM_DQ[13] ; HEX5[5]     ; 7.371 ; 7.371 ; 7.371 ; 7.371 ;
; SRAM_DQ[13] ; HEX5[6]     ; 7.350 ; 7.350 ; 7.350 ; 7.350 ;
; SRAM_DQ[13] ; LEDG[8]     ; 6.972 ;       ;       ; 6.972 ;
; SRAM_DQ[14] ; HEX4[0]     ; 6.781 ; 6.781 ; 6.781 ; 6.781 ;
; SRAM_DQ[14] ; HEX4[1]     ; 6.792 ; 6.792 ; 6.792 ; 6.792 ;
; SRAM_DQ[14] ; HEX4[2]     ; 6.792 ; 6.792 ; 6.792 ; 6.792 ;
; SRAM_DQ[14] ; HEX4[3]     ; 6.890 ; 6.890 ; 6.890 ; 6.890 ;
; SRAM_DQ[14] ; HEX4[4]     ; 6.928 ; 6.928 ; 6.928 ; 6.928 ;
; SRAM_DQ[14] ; HEX4[5]     ; 6.923 ; 6.923 ; 6.923 ; 6.923 ;
; SRAM_DQ[14] ; HEX4[6]     ; 6.937 ; 6.937 ; 6.937 ; 6.937 ;
; SRAM_DQ[14] ; HEX5[0]     ; 7.024 ; 7.024 ; 7.024 ; 7.024 ;
; SRAM_DQ[14] ; HEX5[1]     ; 6.991 ; 6.991 ; 6.991 ; 6.991 ;
; SRAM_DQ[14] ; HEX5[2]     ; 6.985 ; 7.175 ; 7.175 ; 6.985 ;
; SRAM_DQ[14] ; HEX5[3]     ; 7.154 ; 7.154 ; 7.154 ; 7.154 ;
; SRAM_DQ[14] ; HEX5[4]     ; 7.312 ; 7.137 ; 7.137 ; 7.312 ;
; SRAM_DQ[14] ; HEX5[5]     ; 7.187 ; 7.187 ; 7.187 ; 7.187 ;
; SRAM_DQ[14] ; HEX5[6]     ; 7.166 ; 7.166 ; 7.166 ; 7.166 ;
; SRAM_DQ[14] ; LEDG[8]     ; 6.799 ;       ;       ; 6.799 ;
; SRAM_DQ[15] ; HEX4[0]     ; 6.954 ; 6.954 ; 6.954 ; 6.954 ;
; SRAM_DQ[15] ; HEX4[1]     ; 6.965 ; 6.965 ; 6.965 ; 6.965 ;
; SRAM_DQ[15] ; HEX4[2]     ; 6.965 ; 6.965 ; 6.965 ; 6.965 ;
; SRAM_DQ[15] ; HEX4[3]     ; 7.063 ; 7.063 ; 7.063 ; 7.063 ;
; SRAM_DQ[15] ; HEX4[4]     ; 7.101 ; 7.101 ; 7.101 ; 7.101 ;
; SRAM_DQ[15] ; HEX4[5]     ; 7.096 ; 7.096 ; 7.096 ; 7.096 ;
; SRAM_DQ[15] ; HEX4[6]     ; 7.110 ; 7.110 ; 7.110 ; 7.110 ;
; SRAM_DQ[15] ; HEX5[0]     ; 7.197 ; 7.197 ; 7.197 ; 7.197 ;
; SRAM_DQ[15] ; HEX5[1]     ; 7.164 ; 7.164 ; 7.164 ; 7.164 ;
; SRAM_DQ[15] ; HEX5[2]     ; 7.158 ; 7.348 ; 7.348 ; 7.158 ;
; SRAM_DQ[15] ; HEX5[3]     ; 7.327 ; 7.327 ; 7.327 ; 7.327 ;
; SRAM_DQ[15] ; HEX5[4]     ; 7.485 ; 7.310 ; 7.310 ; 7.485 ;
; SRAM_DQ[15] ; HEX5[5]     ; 7.360 ; 7.360 ; 7.360 ; 7.360 ;
; SRAM_DQ[15] ; HEX5[6]     ; 7.339 ; 7.339 ; 7.339 ; 7.339 ;
; SRAM_DQ[15] ; LEDG[8]     ; 6.968 ;       ;       ; 6.968 ;
+-------------+-------------+-------+-------+-------+-------+


+--------------------------------------------------------------------------------+
; Multicorner Timing Analysis Summary                                            ;
+----------------------+-------+------+----------+---------+---------------------+
; Clock                ; Setup ; Hold ; Recovery ; Removal ; Minimum Pulse Width ;
+----------------------+-------+------+----------+---------+---------------------+
; Worst-case Slack     ; N/A   ; N/A  ; N/A      ; N/A     ; 97.778              ;
;  altera_reserved_tck ; N/A   ; N/A  ; N/A      ; N/A     ; 97.778              ;
; Design-wide TNS      ; 0.0   ; 0.0  ; 0.0      ; 0.0     ; 0.0                 ;
;  altera_reserved_tck ; N/A   ; N/A  ; N/A      ; N/A     ; 0.000               ;
+----------------------+-------+------+----------+---------+---------------------+


+---------------------------------------------------------------+
; Progagation Delay                                             ;
+-------------+-------------+--------+--------+--------+--------+
; Input Port  ; Output Port ; RR     ; RF     ; FR     ; FF     ;
+-------------+-------------+--------+--------+--------+--------+
; CLOCK_50    ; VGA_CLK     ; 2.937  ;        ;        ; 2.937  ;
; SRAM_DQ[3]  ; LEDG[8]     ; 11.673 ;        ;        ; 11.673 ;
; SRAM_DQ[6]  ; HEX4[0]     ; 14.746 ; 14.746 ; 14.746 ; 14.746 ;
; SRAM_DQ[6]  ; HEX4[1]     ; 14.756 ; 14.756 ; 14.756 ; 14.756 ;
; SRAM_DQ[6]  ; HEX4[2]     ; 14.747 ; 14.747 ; 14.747 ; 14.747 ;
; SRAM_DQ[6]  ; HEX4[3]     ; 15.019 ; 15.019 ; 15.019 ; 15.019 ;
; SRAM_DQ[6]  ; HEX4[4]     ; 15.067 ; 15.067 ; 15.067 ; 15.067 ;
; SRAM_DQ[6]  ; HEX4[5]     ; 15.027 ; 15.027 ; 15.027 ; 15.027 ;
; SRAM_DQ[6]  ; HEX4[6]     ; 15.066 ; 15.066 ; 15.066 ; 15.066 ;
; SRAM_DQ[6]  ; HEX5[0]     ; 16.066 ; 16.066 ; 16.066 ; 16.066 ;
; SRAM_DQ[6]  ; HEX5[1]     ; 16.023 ; 16.023 ; 16.023 ; 16.023 ;
; SRAM_DQ[6]  ; HEX5[2]     ; 16.026 ; 16.026 ; 16.026 ; 16.026 ;
; SRAM_DQ[6]  ; HEX5[3]     ; 16.360 ; 16.360 ; 16.360 ; 16.360 ;
; SRAM_DQ[6]  ; HEX5[4]     ; 16.327 ; 16.327 ; 16.327 ; 16.327 ;
; SRAM_DQ[6]  ; HEX5[5]     ; 16.426 ; 16.426 ; 16.426 ; 16.426 ;
; SRAM_DQ[6]  ; HEX5[6]     ; 16.348 ; 16.348 ; 16.348 ; 16.348 ;
; SRAM_DQ[7]  ; HEX4[0]     ; 14.459 ; 14.459 ; 14.459 ; 14.459 ;
; SRAM_DQ[7]  ; HEX4[1]     ; 14.469 ; 14.469 ; 14.469 ; 14.469 ;
; SRAM_DQ[7]  ; HEX4[2]     ; 14.460 ; 14.460 ; 14.460 ; 14.460 ;
; SRAM_DQ[7]  ; HEX4[3]     ; 14.732 ; 14.732 ; 14.732 ; 14.732 ;
; SRAM_DQ[7]  ; HEX4[4]     ; 14.780 ; 14.780 ; 14.780 ; 14.780 ;
; SRAM_DQ[7]  ; HEX4[5]     ; 14.740 ; 14.740 ; 14.740 ; 14.740 ;
; SRAM_DQ[7]  ; HEX4[6]     ; 14.779 ; 14.779 ; 14.779 ; 14.779 ;
; SRAM_DQ[7]  ; HEX5[0]     ; 15.080 ; 15.080 ; 15.080 ; 15.080 ;
; SRAM_DQ[7]  ; HEX5[1]     ; 14.887 ; 15.037 ; 15.037 ; 14.887 ;
; SRAM_DQ[7]  ; HEX5[2]     ; 15.040 ; 15.040 ; 15.040 ; 15.040 ;
; SRAM_DQ[7]  ; HEX5[3]     ; 15.374 ; 15.374 ; 15.374 ; 15.374 ;
; SRAM_DQ[7]  ; HEX5[4]     ; 15.341 ; 15.341 ; 15.341 ; 15.341 ;
; SRAM_DQ[7]  ; HEX5[5]     ; 15.440 ; 15.440 ; 15.440 ; 15.440 ;
; SRAM_DQ[7]  ; HEX5[6]     ; 15.362 ; 15.362 ; 15.362 ; 15.362 ;
; SRAM_DQ[8]  ; HEX4[0]     ; 19.350 ; 19.350 ; 19.350 ; 19.350 ;
; SRAM_DQ[8]  ; HEX4[1]     ; 19.360 ; 19.360 ; 19.360 ; 19.360 ;
; SRAM_DQ[8]  ; HEX4[2]     ; 19.351 ; 19.351 ; 19.351 ; 19.351 ;
; SRAM_DQ[8]  ; HEX4[3]     ; 19.623 ; 19.623 ; 19.623 ; 19.623 ;
; SRAM_DQ[8]  ; HEX4[4]     ; 19.671 ; 19.671 ; 19.671 ; 19.671 ;
; SRAM_DQ[8]  ; HEX4[5]     ; 19.631 ; 19.631 ; 19.631 ; 19.631 ;
; SRAM_DQ[8]  ; HEX4[6]     ; 19.670 ; 19.670 ; 19.670 ; 19.670 ;
; SRAM_DQ[8]  ; HEX5[0]     ; 21.775 ; 21.775 ; 21.775 ; 21.775 ;
; SRAM_DQ[8]  ; HEX5[1]     ; 21.732 ; 21.732 ; 21.732 ; 21.732 ;
; SRAM_DQ[8]  ; HEX5[2]     ; 21.735 ; 21.735 ; 21.735 ; 21.735 ;
; SRAM_DQ[8]  ; HEX5[3]     ; 22.069 ; 22.069 ; 22.069 ; 22.069 ;
; SRAM_DQ[8]  ; HEX5[4]     ; 22.036 ; 22.036 ; 22.036 ; 22.036 ;
; SRAM_DQ[8]  ; HEX5[5]     ; 22.135 ; 22.135 ; 22.135 ; 22.135 ;
; SRAM_DQ[8]  ; HEX5[6]     ; 22.057 ; 22.057 ; 22.057 ; 22.057 ;
; SRAM_DQ[9]  ; HEX4[0]     ; 18.561 ; 18.561 ; 18.561 ; 18.561 ;
; SRAM_DQ[9]  ; HEX4[1]     ; 18.571 ; 18.571 ; 18.571 ; 18.571 ;
; SRAM_DQ[9]  ; HEX4[2]     ; 18.562 ; 18.562 ; 18.562 ; 18.562 ;
; SRAM_DQ[9]  ; HEX4[3]     ; 18.834 ; 18.834 ; 18.834 ; 18.834 ;
; SRAM_DQ[9]  ; HEX4[4]     ; 18.882 ; 18.882 ; 18.882 ; 18.882 ;
; SRAM_DQ[9]  ; HEX4[5]     ; 18.842 ; 18.842 ; 18.842 ; 18.842 ;
; SRAM_DQ[9]  ; HEX4[6]     ; 18.881 ; 18.881 ; 18.881 ; 18.881 ;
; SRAM_DQ[9]  ; HEX5[0]     ; 20.986 ; 20.986 ; 20.986 ; 20.986 ;
; SRAM_DQ[9]  ; HEX5[1]     ; 20.943 ; 20.943 ; 20.943 ; 20.943 ;
; SRAM_DQ[9]  ; HEX5[2]     ; 20.946 ; 20.946 ; 20.946 ; 20.946 ;
; SRAM_DQ[9]  ; HEX5[3]     ; 21.280 ; 21.280 ; 21.280 ; 21.280 ;
; SRAM_DQ[9]  ; HEX5[4]     ; 21.247 ; 21.247 ; 21.247 ; 21.247 ;
; SRAM_DQ[9]  ; HEX5[5]     ; 21.346 ; 21.346 ; 21.346 ; 21.346 ;
; SRAM_DQ[9]  ; HEX5[6]     ; 21.268 ; 21.268 ; 21.268 ; 21.268 ;
; SRAM_DQ[10] ; HEX4[0]     ; 16.164 ; 16.164 ; 16.164 ; 16.164 ;
; SRAM_DQ[10] ; HEX4[1]     ; 16.174 ; 16.174 ; 16.174 ; 16.174 ;
; SRAM_DQ[10] ; HEX4[2]     ; 16.165 ; 16.165 ; 16.165 ; 16.165 ;
; SRAM_DQ[10] ; HEX4[3]     ; 16.437 ; 16.437 ; 16.437 ; 16.437 ;
; SRAM_DQ[10] ; HEX4[4]     ; 16.485 ; 16.485 ; 16.485 ; 16.485 ;
; SRAM_DQ[10] ; HEX4[5]     ; 16.445 ; 16.445 ; 16.445 ; 16.445 ;
; SRAM_DQ[10] ; HEX4[6]     ; 16.484 ; 16.484 ; 16.484 ; 16.484 ;
; SRAM_DQ[10] ; HEX5[0]     ; 18.589 ; 18.589 ; 18.589 ; 18.589 ;
; SRAM_DQ[10] ; HEX5[1]     ; 18.546 ; 18.546 ; 18.546 ; 18.546 ;
; SRAM_DQ[10] ; HEX5[2]     ; 18.549 ; 18.549 ; 18.549 ; 18.549 ;
; SRAM_DQ[10] ; HEX5[3]     ; 18.883 ; 18.883 ; 18.883 ; 18.883 ;
; SRAM_DQ[10] ; HEX5[4]     ; 18.850 ; 18.850 ; 18.850 ; 18.850 ;
; SRAM_DQ[10] ; HEX5[5]     ; 18.949 ; 18.949 ; 18.949 ; 18.949 ;
; SRAM_DQ[10] ; HEX5[6]     ; 18.871 ; 18.871 ; 18.871 ; 18.871 ;
; SRAM_DQ[11] ; HEX4[0]     ; 16.438 ; 16.438 ; 16.438 ; 16.438 ;
; SRAM_DQ[11] ; HEX4[1]     ; 16.448 ; 16.448 ; 16.448 ; 16.448 ;
; SRAM_DQ[11] ; HEX4[2]     ; 16.439 ; 16.439 ; 16.439 ; 16.439 ;
; SRAM_DQ[11] ; HEX4[3]     ; 16.711 ; 16.711 ; 16.711 ; 16.711 ;
; SRAM_DQ[11] ; HEX4[4]     ; 16.759 ; 16.759 ; 16.759 ; 16.759 ;
; SRAM_DQ[11] ; HEX4[5]     ; 16.719 ; 16.719 ; 16.719 ; 16.719 ;
; SRAM_DQ[11] ; HEX4[6]     ; 16.758 ; 16.758 ; 16.758 ; 16.758 ;
; SRAM_DQ[11] ; HEX5[0]     ; 18.863 ; 18.863 ; 18.863 ; 18.863 ;
; SRAM_DQ[11] ; HEX5[1]     ; 18.820 ; 18.820 ; 18.820 ; 18.820 ;
; SRAM_DQ[11] ; HEX5[2]     ; 18.823 ; 18.823 ; 18.823 ; 18.823 ;
; SRAM_DQ[11] ; HEX5[3]     ; 19.157 ; 19.157 ; 19.157 ; 19.157 ;
; SRAM_DQ[11] ; HEX5[4]     ; 19.124 ; 19.124 ; 19.124 ; 19.124 ;
; SRAM_DQ[11] ; HEX5[5]     ; 19.223 ; 19.223 ; 19.223 ; 19.223 ;
; SRAM_DQ[11] ; HEX5[6]     ; 19.145 ; 19.145 ; 19.145 ; 19.145 ;
; SRAM_DQ[12] ; HEX4[0]     ; 18.213 ; 18.213 ; 18.213 ; 18.213 ;
; SRAM_DQ[12] ; HEX4[1]     ; 18.223 ; 18.223 ; 18.223 ; 18.223 ;
; SRAM_DQ[12] ; HEX4[2]     ; 18.214 ; 18.214 ; 18.214 ; 18.214 ;
; SRAM_DQ[12] ; HEX4[3]     ; 18.486 ; 18.486 ; 18.486 ; 18.486 ;
; SRAM_DQ[12] ; HEX4[4]     ; 18.534 ; 18.534 ; 18.534 ; 18.534 ;
; SRAM_DQ[12] ; HEX4[5]     ; 18.494 ; 18.494 ; 18.494 ; 18.494 ;
; SRAM_DQ[12] ; HEX4[6]     ; 18.533 ; 18.533 ; 18.533 ; 18.533 ;
; SRAM_DQ[12] ; HEX5[0]     ; 20.638 ; 20.638 ; 20.638 ; 20.638 ;
; SRAM_DQ[12] ; HEX5[1]     ; 20.595 ; 20.595 ; 20.595 ; 20.595 ;
; SRAM_DQ[12] ; HEX5[2]     ; 20.598 ; 20.598 ; 20.598 ; 20.598 ;
; SRAM_DQ[12] ; HEX5[3]     ; 20.932 ; 20.932 ; 20.932 ; 20.932 ;
; SRAM_DQ[12] ; HEX5[4]     ; 20.899 ; 20.899 ; 20.899 ; 20.899 ;
; SRAM_DQ[12] ; HEX5[5]     ; 20.998 ; 20.998 ; 20.998 ; 20.998 ;
; SRAM_DQ[12] ; HEX5[6]     ; 20.920 ; 20.920 ; 20.920 ; 20.920 ;
; SRAM_DQ[13] ; HEX4[0]     ; 19.183 ; 19.183 ; 19.183 ; 19.183 ;
; SRAM_DQ[13] ; HEX4[1]     ; 19.193 ; 19.193 ; 19.193 ; 19.193 ;
; SRAM_DQ[13] ; HEX4[2]     ; 19.184 ; 19.184 ; 19.184 ; 19.184 ;
; SRAM_DQ[13] ; HEX4[3]     ; 19.456 ; 19.456 ; 19.456 ; 19.456 ;
; SRAM_DQ[13] ; HEX4[4]     ; 19.504 ; 19.504 ; 19.504 ; 19.504 ;
; SRAM_DQ[13] ; HEX4[5]     ; 19.464 ; 19.464 ; 19.464 ; 19.464 ;
; SRAM_DQ[13] ; HEX4[6]     ; 19.503 ; 19.503 ; 19.503 ; 19.503 ;
; SRAM_DQ[13] ; HEX5[0]     ; 21.608 ; 21.608 ; 21.608 ; 21.608 ;
; SRAM_DQ[13] ; HEX5[1]     ; 21.565 ; 21.565 ; 21.565 ; 21.565 ;
; SRAM_DQ[13] ; HEX5[2]     ; 21.568 ; 21.568 ; 21.568 ; 21.568 ;
; SRAM_DQ[13] ; HEX5[3]     ; 21.902 ; 21.902 ; 21.902 ; 21.902 ;
; SRAM_DQ[13] ; HEX5[4]     ; 21.869 ; 21.869 ; 21.869 ; 21.869 ;
; SRAM_DQ[13] ; HEX5[5]     ; 21.968 ; 21.968 ; 21.968 ; 21.968 ;
; SRAM_DQ[13] ; HEX5[6]     ; 21.890 ; 21.890 ; 21.890 ; 21.890 ;
; SRAM_DQ[13] ; LEDG[8]     ; 12.933 ;        ;        ; 12.933 ;
; SRAM_DQ[14] ; HEX4[0]     ; 18.876 ; 18.876 ; 18.876 ; 18.876 ;
; SRAM_DQ[14] ; HEX4[1]     ; 18.886 ; 18.886 ; 18.886 ; 18.886 ;
; SRAM_DQ[14] ; HEX4[2]     ; 18.877 ; 18.877 ; 18.877 ; 18.877 ;
; SRAM_DQ[14] ; HEX4[3]     ; 19.149 ; 19.149 ; 19.149 ; 19.149 ;
; SRAM_DQ[14] ; HEX4[4]     ; 19.197 ; 19.197 ; 19.197 ; 19.197 ;
; SRAM_DQ[14] ; HEX4[5]     ; 19.157 ; 19.157 ; 19.157 ; 19.157 ;
; SRAM_DQ[14] ; HEX4[6]     ; 19.196 ; 19.196 ; 19.196 ; 19.196 ;
; SRAM_DQ[14] ; HEX5[0]     ; 21.301 ; 21.301 ; 21.301 ; 21.301 ;
; SRAM_DQ[14] ; HEX5[1]     ; 21.258 ; 21.258 ; 21.258 ; 21.258 ;
; SRAM_DQ[14] ; HEX5[2]     ; 21.261 ; 21.261 ; 21.261 ; 21.261 ;
; SRAM_DQ[14] ; HEX5[3]     ; 21.595 ; 21.595 ; 21.595 ; 21.595 ;
; SRAM_DQ[14] ; HEX5[4]     ; 21.562 ; 21.562 ; 21.562 ; 21.562 ;
; SRAM_DQ[14] ; HEX5[5]     ; 21.661 ; 21.661 ; 21.661 ; 21.661 ;
; SRAM_DQ[14] ; HEX5[6]     ; 21.583 ; 21.583 ; 21.583 ; 21.583 ;
; SRAM_DQ[14] ; LEDG[8]     ; 12.626 ;        ;        ; 12.626 ;
; SRAM_DQ[15] ; HEX4[0]     ; 19.216 ; 19.216 ; 19.216 ; 19.216 ;
; SRAM_DQ[15] ; HEX4[1]     ; 19.226 ; 19.226 ; 19.226 ; 19.226 ;
; SRAM_DQ[15] ; HEX4[2]     ; 19.217 ; 19.217 ; 19.217 ; 19.217 ;
; SRAM_DQ[15] ; HEX4[3]     ; 19.489 ; 19.489 ; 19.489 ; 19.489 ;
; SRAM_DQ[15] ; HEX4[4]     ; 19.537 ; 19.537 ; 19.537 ; 19.537 ;
; SRAM_DQ[15] ; HEX4[5]     ; 19.497 ; 19.497 ; 19.497 ; 19.497 ;
; SRAM_DQ[15] ; HEX4[6]     ; 19.536 ; 19.536 ; 19.536 ; 19.536 ;
; SRAM_DQ[15] ; HEX5[0]     ; 21.641 ; 21.641 ; 21.641 ; 21.641 ;
; SRAM_DQ[15] ; HEX5[1]     ; 21.598 ; 21.598 ; 21.598 ; 21.598 ;
; SRAM_DQ[15] ; HEX5[2]     ; 21.601 ; 21.601 ; 21.601 ; 21.601 ;
; SRAM_DQ[15] ; HEX5[3]     ; 21.935 ; 21.935 ; 21.935 ; 21.935 ;
; SRAM_DQ[15] ; HEX5[4]     ; 21.902 ; 21.902 ; 21.902 ; 21.902 ;
; SRAM_DQ[15] ; HEX5[5]     ; 22.001 ; 22.001 ; 22.001 ; 22.001 ;
; SRAM_DQ[15] ; HEX5[6]     ; 21.923 ; 21.923 ; 21.923 ; 21.923 ;
; SRAM_DQ[15] ; LEDG[8]     ; 12.966 ;        ;        ; 12.966 ;
+-------------+-------------+--------+--------+--------+--------+


+-----------------------------------------------------------+
; Minimum Progagation Delay                                 ;
+-------------+-------------+-------+-------+-------+-------+
; Input Port  ; Output Port ; RR    ; RF    ; FR    ; FF    ;
+-------------+-------------+-------+-------+-------+-------+
; CLOCK_50    ; VGA_CLK     ; 1.473 ;       ;       ; 1.473 ;
; SRAM_DQ[3]  ; LEDG[8]     ; 6.434 ;       ;       ; 6.434 ;
; SRAM_DQ[6]  ; HEX4[0]     ; 7.213 ; 7.213 ; 7.213 ; 7.213 ;
; SRAM_DQ[6]  ; HEX4[1]     ; 7.224 ; 7.224 ; 7.224 ; 7.224 ;
; SRAM_DQ[6]  ; HEX4[2]     ; 7.224 ; 7.224 ; 7.224 ; 7.224 ;
; SRAM_DQ[6]  ; HEX4[3]     ; 7.322 ; 7.322 ; 7.322 ; 7.322 ;
; SRAM_DQ[6]  ; HEX4[4]     ; 7.360 ; 7.360 ; 7.360 ; 7.360 ;
; SRAM_DQ[6]  ; HEX4[5]     ; 7.355 ; 7.355 ; 7.355 ; 7.355 ;
; SRAM_DQ[6]  ; HEX4[6]     ; 7.369 ; 7.369 ; 7.369 ; 7.369 ;
; SRAM_DQ[6]  ; HEX5[0]     ; 7.678 ; 7.678 ; 7.678 ; 7.678 ;
; SRAM_DQ[6]  ; HEX5[1]     ; 7.641 ; 7.641 ; 7.641 ; 7.641 ;
; SRAM_DQ[6]  ; HEX5[2]     ; 7.649 ; 7.649 ; 7.649 ; 7.649 ;
; SRAM_DQ[6]  ; HEX5[3]     ; 7.808 ; 7.808 ; 7.808 ; 7.808 ;
; SRAM_DQ[6]  ; HEX5[4]     ; 7.786 ; 7.786 ; 7.786 ; 7.786 ;
; SRAM_DQ[6]  ; HEX5[5]     ; 7.849 ; 7.849 ; 7.849 ; 7.849 ;
; SRAM_DQ[6]  ; HEX5[6]     ; 7.816 ; 7.816 ; 7.816 ; 7.816 ;
; SRAM_DQ[7]  ; HEX4[0]     ; 6.920 ; 6.920 ; 6.920 ; 6.920 ;
; SRAM_DQ[7]  ; HEX4[1]     ; 6.931 ; 6.931 ; 6.931 ; 6.931 ;
; SRAM_DQ[7]  ; HEX4[2]     ; 6.931 ; 6.931 ; 6.931 ; 6.931 ;
; SRAM_DQ[7]  ; HEX4[3]     ; 7.029 ; 7.029 ; 7.029 ; 7.029 ;
; SRAM_DQ[7]  ; HEX4[4]     ; 7.067 ; 7.067 ; 7.067 ; 7.067 ;
; SRAM_DQ[7]  ; HEX4[5]     ; 7.062 ; 7.062 ; 7.062 ; 7.062 ;
; SRAM_DQ[7]  ; HEX4[6]     ; 7.076 ; 7.076 ; 7.076 ; 7.076 ;
; SRAM_DQ[7]  ; HEX5[0]     ; 7.163 ; 7.163 ; 7.163 ; 7.163 ;
; SRAM_DQ[7]  ; HEX5[1]     ; 7.130 ; 7.130 ; 7.130 ; 7.130 ;
; SRAM_DQ[7]  ; HEX5[2]     ; 7.124 ; 7.314 ; 7.314 ; 7.124 ;
; SRAM_DQ[7]  ; HEX5[3]     ; 7.293 ; 7.293 ; 7.293 ; 7.293 ;
; SRAM_DQ[7]  ; HEX5[4]     ; 7.451 ; 7.276 ; 7.276 ; 7.451 ;
; SRAM_DQ[7]  ; HEX5[5]     ; 7.326 ; 7.326 ; 7.326 ; 7.326 ;
; SRAM_DQ[7]  ; HEX5[6]     ; 7.305 ; 7.305 ; 7.305 ; 7.305 ;
; SRAM_DQ[8]  ; HEX4[0]     ; 7.840 ; 7.840 ; 7.840 ; 7.840 ;
; SRAM_DQ[8]  ; HEX4[1]     ; 7.852 ; 7.852 ; 7.852 ; 7.852 ;
; SRAM_DQ[8]  ; HEX4[2]     ; 7.854 ; 7.854 ; 7.854 ; 7.854 ;
; SRAM_DQ[8]  ; HEX4[3]     ; 7.953 ; 7.953 ; 7.953 ; 7.953 ;
; SRAM_DQ[8]  ; HEX4[4]     ; 7.985 ; 7.985 ; 7.985 ; 7.985 ;
; SRAM_DQ[8]  ; HEX4[5]     ; 7.990 ; 7.990 ; 7.990 ; 7.990 ;
; SRAM_DQ[8]  ; HEX4[6]     ; 7.996 ; 7.996 ; 7.996 ; 7.996 ;
; SRAM_DQ[8]  ; HEX5[0]     ; 7.729 ; 7.729 ; 7.729 ; 7.729 ;
; SRAM_DQ[8]  ; HEX5[1]     ; 7.692 ; 7.692 ; 7.692 ; 7.692 ;
; SRAM_DQ[8]  ; HEX5[2]     ; 7.700 ; 7.700 ; 7.700 ; 7.700 ;
; SRAM_DQ[8]  ; HEX5[3]     ; 7.859 ; 7.859 ; 7.859 ; 7.859 ;
; SRAM_DQ[8]  ; HEX5[4]     ; 7.837 ; 7.837 ; 7.837 ; 7.837 ;
; SRAM_DQ[8]  ; HEX5[5]     ; 7.900 ; 7.900 ; 7.900 ; 7.900 ;
; SRAM_DQ[8]  ; HEX5[6]     ; 7.867 ; 7.867 ; 7.867 ; 7.867 ;
; SRAM_DQ[9]  ; HEX4[0]     ; 7.595 ; 7.595 ; 7.595 ; 7.595 ;
; SRAM_DQ[9]  ; HEX4[1]     ; 7.606 ; 7.606 ; 7.606 ; 7.606 ;
; SRAM_DQ[9]  ; HEX4[2]     ; 7.606 ; 7.606 ; 7.606 ; 7.606 ;
; SRAM_DQ[9]  ; HEX4[3]     ; 7.704 ; 7.704 ; 7.704 ; 7.704 ;
; SRAM_DQ[9]  ; HEX4[4]     ; 7.742 ; 7.742 ; 7.742 ; 7.742 ;
; SRAM_DQ[9]  ; HEX4[5]     ; 7.737 ; 7.737 ; 7.737 ; 7.737 ;
; SRAM_DQ[9]  ; HEX4[6]     ; 7.751 ; 7.751 ; 7.751 ; 7.751 ;
; SRAM_DQ[9]  ; HEX5[0]     ; 7.591 ; 7.591 ; 7.591 ; 7.591 ;
; SRAM_DQ[9]  ; HEX5[1]     ; 7.554 ; 7.554 ; 7.554 ; 7.554 ;
; SRAM_DQ[9]  ; HEX5[2]     ; 7.562 ; 7.562 ; 7.562 ; 7.562 ;
; SRAM_DQ[9]  ; HEX5[3]     ; 7.721 ; 7.721 ; 7.721 ; 7.721 ;
; SRAM_DQ[9]  ; HEX5[4]     ; 7.699 ; 7.699 ; 7.699 ; 7.699 ;
; SRAM_DQ[9]  ; HEX5[5]     ; 7.762 ; 7.762 ; 7.762 ; 7.762 ;
; SRAM_DQ[9]  ; HEX5[6]     ; 7.729 ; 7.729 ; 7.729 ; 7.729 ;
; SRAM_DQ[10] ; HEX4[0]     ; 7.253 ; 7.253 ; 7.253 ; 7.253 ;
; SRAM_DQ[10] ; HEX4[1]     ; 7.265 ; 7.265 ; 7.265 ; 7.265 ;
; SRAM_DQ[10] ; HEX4[2]     ; 7.267 ; 7.267 ; 7.267 ; 7.267 ;
; SRAM_DQ[10] ; HEX4[3]     ; 7.366 ; 7.366 ; 7.366 ; 7.366 ;
; SRAM_DQ[10] ; HEX4[4]     ; 7.398 ; 7.398 ; 7.398 ; 7.398 ;
; SRAM_DQ[10] ; HEX4[5]     ; 7.403 ; 7.403 ; 7.403 ; 7.403 ;
; SRAM_DQ[10] ; HEX4[6]     ; 7.409 ; 7.409 ; 7.409 ; 7.409 ;
; SRAM_DQ[10] ; HEX5[0]     ; 7.383 ; 7.383 ; 7.383 ; 7.383 ;
; SRAM_DQ[10] ; HEX5[1]     ; 7.346 ; 7.346 ; 7.346 ; 7.346 ;
; SRAM_DQ[10] ; HEX5[2]     ; 7.354 ; 7.354 ; 7.354 ; 7.354 ;
; SRAM_DQ[10] ; HEX5[3]     ; 7.513 ; 7.513 ; 7.513 ; 7.513 ;
; SRAM_DQ[10] ; HEX5[4]     ; 7.491 ; 7.491 ; 7.491 ; 7.491 ;
; SRAM_DQ[10] ; HEX5[5]     ; 7.554 ; 7.554 ; 7.554 ; 7.554 ;
; SRAM_DQ[10] ; HEX5[6]     ; 7.521 ; 7.521 ; 7.521 ; 7.521 ;
; SRAM_DQ[11] ; HEX4[0]     ; 7.374 ; 7.374 ; 7.374 ; 7.374 ;
; SRAM_DQ[11] ; HEX4[1]     ; 7.386 ; 7.386 ; 7.386 ; 7.386 ;
; SRAM_DQ[11] ; HEX4[2]     ; 7.388 ; 7.388 ; 7.388 ; 7.388 ;
; SRAM_DQ[11] ; HEX4[3]     ; 7.487 ; 7.487 ; 7.487 ; 7.487 ;
; SRAM_DQ[11] ; HEX4[4]     ; 7.519 ; 7.519 ; 7.519 ; 7.519 ;
; SRAM_DQ[11] ; HEX4[5]     ; 7.524 ; 7.524 ; 7.524 ; 7.524 ;
; SRAM_DQ[11] ; HEX4[6]     ; 7.530 ; 7.530 ; 7.530 ; 7.530 ;
; SRAM_DQ[11] ; HEX5[0]     ; 7.144 ; 7.144 ; 7.144 ; 7.144 ;
; SRAM_DQ[11] ; HEX5[1]     ; 7.107 ; 7.107 ; 7.107 ; 7.107 ;
; SRAM_DQ[11] ; HEX5[2]     ; 7.115 ; 7.115 ; 7.115 ; 7.115 ;
; SRAM_DQ[11] ; HEX5[3]     ; 7.274 ; 7.274 ; 7.274 ; 7.274 ;
; SRAM_DQ[11] ; HEX5[4]     ; 7.252 ; 7.252 ; 7.252 ; 7.252 ;
; SRAM_DQ[11] ; HEX5[5]     ; 7.315 ; 7.315 ; 7.315 ; 7.315 ;
; SRAM_DQ[11] ; HEX5[6]     ; 7.282 ; 7.282 ; 7.282 ; 7.282 ;
; SRAM_DQ[12] ; HEX4[0]     ; 7.488 ; 7.488 ; 7.488 ; 7.488 ;
; SRAM_DQ[12] ; HEX4[1]     ; 7.499 ; 7.499 ; 7.499 ; 7.499 ;
; SRAM_DQ[12] ; HEX4[2]     ; 7.499 ; 7.499 ; 7.499 ; 7.499 ;
; SRAM_DQ[12] ; HEX4[3]     ; 7.597 ; 7.597 ; 7.597 ; 7.597 ;
; SRAM_DQ[12] ; HEX4[4]     ; 7.635 ; 7.635 ; 7.635 ; 7.635 ;
; SRAM_DQ[12] ; HEX4[5]     ; 7.630 ; 7.630 ; 7.630 ; 7.630 ;
; SRAM_DQ[12] ; HEX4[6]     ; 7.644 ; 7.644 ; 7.644 ; 7.644 ;
; SRAM_DQ[12] ; HEX5[0]     ; 8.003 ; 8.003 ; 8.003 ; 8.003 ;
; SRAM_DQ[12] ; HEX5[1]     ; 7.971 ; 7.971 ; 7.971 ; 7.971 ;
; SRAM_DQ[12] ; HEX5[2]     ; 7.969 ; 7.969 ; 7.969 ; 7.969 ;
; SRAM_DQ[12] ; HEX5[3]     ; 8.135 ; 8.135 ; 8.135 ; 8.135 ;
; SRAM_DQ[12] ; HEX5[4]     ; 8.114 ; 8.114 ; 8.114 ; 8.114 ;
; SRAM_DQ[12] ; HEX5[5]     ; 8.178 ; 8.178 ; 8.178 ; 8.178 ;
; SRAM_DQ[12] ; HEX5[6]     ; 8.142 ; 8.142 ; 8.142 ; 8.142 ;
; SRAM_DQ[13] ; HEX4[0]     ; 6.965 ; 6.965 ; 6.965 ; 6.965 ;
; SRAM_DQ[13] ; HEX4[1]     ; 6.976 ; 6.976 ; 6.976 ; 6.976 ;
; SRAM_DQ[13] ; HEX4[2]     ; 6.976 ; 6.976 ; 6.976 ; 6.976 ;
; SRAM_DQ[13] ; HEX4[3]     ; 7.074 ; 7.074 ; 7.074 ; 7.074 ;
; SRAM_DQ[13] ; HEX4[4]     ; 7.112 ; 7.112 ; 7.112 ; 7.112 ;
; SRAM_DQ[13] ; HEX4[5]     ; 7.107 ; 7.107 ; 7.107 ; 7.107 ;
; SRAM_DQ[13] ; HEX4[6]     ; 7.121 ; 7.121 ; 7.121 ; 7.121 ;
; SRAM_DQ[13] ; HEX5[0]     ; 7.208 ; 7.208 ; 7.208 ; 7.208 ;
; SRAM_DQ[13] ; HEX5[1]     ; 7.175 ; 7.175 ; 7.175 ; 7.175 ;
; SRAM_DQ[13] ; HEX5[2]     ; 7.169 ; 7.359 ; 7.359 ; 7.169 ;
; SRAM_DQ[13] ; HEX5[3]     ; 7.338 ; 7.338 ; 7.338 ; 7.338 ;
; SRAM_DQ[13] ; HEX5[4]     ; 7.496 ; 7.321 ; 7.321 ; 7.496 ;
; SRAM_DQ[13] ; HEX5[5]     ; 7.371 ; 7.371 ; 7.371 ; 7.371 ;
; SRAM_DQ[13] ; HEX5[6]     ; 7.350 ; 7.350 ; 7.350 ; 7.350 ;
; SRAM_DQ[13] ; LEDG[8]     ; 6.972 ;       ;       ; 6.972 ;
; SRAM_DQ[14] ; HEX4[0]     ; 6.781 ; 6.781 ; 6.781 ; 6.781 ;
; SRAM_DQ[14] ; HEX4[1]     ; 6.792 ; 6.792 ; 6.792 ; 6.792 ;
; SRAM_DQ[14] ; HEX4[2]     ; 6.792 ; 6.792 ; 6.792 ; 6.792 ;
; SRAM_DQ[14] ; HEX4[3]     ; 6.890 ; 6.890 ; 6.890 ; 6.890 ;
; SRAM_DQ[14] ; HEX4[4]     ; 6.928 ; 6.928 ; 6.928 ; 6.928 ;
; SRAM_DQ[14] ; HEX4[5]     ; 6.923 ; 6.923 ; 6.923 ; 6.923 ;
; SRAM_DQ[14] ; HEX4[6]     ; 6.937 ; 6.937 ; 6.937 ; 6.937 ;
; SRAM_DQ[14] ; HEX5[0]     ; 7.024 ; 7.024 ; 7.024 ; 7.024 ;
; SRAM_DQ[14] ; HEX5[1]     ; 6.991 ; 6.991 ; 6.991 ; 6.991 ;
; SRAM_DQ[14] ; HEX5[2]     ; 6.985 ; 7.175 ; 7.175 ; 6.985 ;
; SRAM_DQ[14] ; HEX5[3]     ; 7.154 ; 7.154 ; 7.154 ; 7.154 ;
; SRAM_DQ[14] ; HEX5[4]     ; 7.312 ; 7.137 ; 7.137 ; 7.312 ;
; SRAM_DQ[14] ; HEX5[5]     ; 7.187 ; 7.187 ; 7.187 ; 7.187 ;
; SRAM_DQ[14] ; HEX5[6]     ; 7.166 ; 7.166 ; 7.166 ; 7.166 ;
; SRAM_DQ[14] ; LEDG[8]     ; 6.799 ;       ;       ; 6.799 ;
; SRAM_DQ[15] ; HEX4[0]     ; 6.954 ; 6.954 ; 6.954 ; 6.954 ;
; SRAM_DQ[15] ; HEX4[1]     ; 6.965 ; 6.965 ; 6.965 ; 6.965 ;
; SRAM_DQ[15] ; HEX4[2]     ; 6.965 ; 6.965 ; 6.965 ; 6.965 ;
; SRAM_DQ[15] ; HEX4[3]     ; 7.063 ; 7.063 ; 7.063 ; 7.063 ;
; SRAM_DQ[15] ; HEX4[4]     ; 7.101 ; 7.101 ; 7.101 ; 7.101 ;
; SRAM_DQ[15] ; HEX4[5]     ; 7.096 ; 7.096 ; 7.096 ; 7.096 ;
; SRAM_DQ[15] ; HEX4[6]     ; 7.110 ; 7.110 ; 7.110 ; 7.110 ;
; SRAM_DQ[15] ; HEX5[0]     ; 7.197 ; 7.197 ; 7.197 ; 7.197 ;
; SRAM_DQ[15] ; HEX5[1]     ; 7.164 ; 7.164 ; 7.164 ; 7.164 ;
; SRAM_DQ[15] ; HEX5[2]     ; 7.158 ; 7.348 ; 7.348 ; 7.158 ;
; SRAM_DQ[15] ; HEX5[3]     ; 7.327 ; 7.327 ; 7.327 ; 7.327 ;
; SRAM_DQ[15] ; HEX5[4]     ; 7.485 ; 7.310 ; 7.310 ; 7.485 ;
; SRAM_DQ[15] ; HEX5[5]     ; 7.360 ; 7.360 ; 7.360 ; 7.360 ;
; SRAM_DQ[15] ; HEX5[6]     ; 7.339 ; 7.339 ; 7.339 ; 7.339 ;
; SRAM_DQ[15] ; LEDG[8]     ; 6.968 ;       ;       ; 6.968 ;
+-------------+-------------+-------+-------+-------+-------+


-------------------
; Clock Transfers ;
-------------------
Nothing to report.


---------------
; Report TCCS ;
---------------
No dedicated SERDES Transmitter circuitry present in device or used in design


---------------
; Report RSKM ;
---------------
No dedicated SERDES Receiver circuitry present in device or used in design


+------------------------------------------------+
; Unconstrained Paths                            ;
+---------------------------------+-------+------+
; Property                        ; Setup ; Hold ;
+---------------------------------+-------+------+
; Illegal Clocks                  ; 0     ; 0    ;
; Unconstrained Clocks            ; 3     ; 3    ;
; Unconstrained Input Ports       ; 37    ; 37   ;
; Unconstrained Input Port Paths  ; 3903  ; 3903 ;
; Unconstrained Output Ports      ; 109   ; 109  ;
; Unconstrained Output Port Paths ; 2368  ; 2368 ;
+---------------------------------+-------+------+


+------------------------------------+
; TimeQuest Timing Analyzer Messages ;
+------------------------------------+
Info: *******************************************************************
Info: Running Quartus II 64-Bit TimeQuest Timing Analyzer
    Info: Version 13.0.1 Build 232 06/12/2013 Service Pack 1 SJ Web Edition
    Info: Processing started: Mon Aug 01 21:49:01 2022
Info: Command: quartus_sta Hack -c Ram
Info: qsta_default_script.tcl version: #1
Info (20030): Parallel compilation is enabled and will use 4 of the 4 processors detected
Info (21077): Low junction temperature is 0 degrees C
Info (21077): High junction temperature is 85 degrees C
Info (332164): Evaluating HDL-embedded SDC commands
    Info (332165): Entity sld_jtag_hub
        Info (332166): create_clock -name altera_reserved_tck [get_ports {altera_reserved_tck}] -period 10MHz   
        Info (332166): set_clock_groups -asynchronous -group {altera_reserved_tck}
Critical Warning (332012): Synopsys Design Constraints File file not found: 'Ram.sdc'. A Synopsys Design Constraints File is required by the TimeQuest Timing Analyzer to get proper timing constraints. Without it, the Compiler will not properly optimize the design.
Warning (332060): Node: prescaler:inst0|Clock_CPU was determined to be a clock but was found without an associated clock assignment.
Warning (332060): Node: CLOCK_50 was determined to be a clock but was found without an associated clock assignment.
Warning (332060): Node: prescaler:inst0|Clock_RAM was determined to be a clock but was found without an associated clock assignment.
Warning (332056): PLL cross checking found inconsistent PLL clock settings:
    Warning (332056): Node: inst31|V1|altpll_component|pll|clk[0] was found missing 1 generated clock that corresponds to a base clock with a period of: 20.000
Info: Found TIMEQUEST_REPORT_SCRIPT_INCLUDE_DEFAULT_ANALYSIS = ON
Info: Analyzing Slow Model
Info (332140): No fmax paths to report
Info (332140): No Setup paths to report
Info (332140): No Hold paths to report
Info (332140): No Recovery paths to report
Info (332140): No Removal paths to report
Info (332146): Worst-case minimum pulse width slack is 97.778
    Info (332119):     Slack End Point TNS Clock 
    Info (332119): ========= ============= =====================
    Info (332119):    97.778         0.000 altera_reserved_tck 
Info (332001): The selected device family is not supported by the report_metastability command.
Info: Analyzing Fast Model
Warning (332060): Node: prescaler:inst0|Clock_CPU was determined to be a clock but was found without an associated clock assignment.
Warning (332060): Node: CLOCK_50 was determined to be a clock but was found without an associated clock assignment.
Warning (332060): Node: prescaler:inst0|Clock_RAM was determined to be a clock but was found without an associated clock assignment.
Warning (332056): PLL cross checking found inconsistent PLL clock settings:
    Warning (332056): Node: inst31|V1|altpll_component|pll|clk[0] was found missing 1 generated clock that corresponds to a base clock with a period of: 20.000
Info (332140): No Setup paths to report
Info (332140): No Hold paths to report
Info (332140): No Recovery paths to report
Info (332140): No Removal paths to report
Info (332146): Worst-case minimum pulse width slack is 97.778
    Info (332119):     Slack End Point TNS Clock 
    Info (332119): ========= ============= =====================
    Info (332119):    97.778         0.000 altera_reserved_tck 
Info (332001): The selected device family is not supported by the report_metastability command.
Info (332102): Design is not fully constrained for setup requirements
Info (332102): Design is not fully constrained for hold requirements
Info: Quartus II 64-Bit TimeQuest Timing Analyzer was successful. 0 errors, 11 warnings
    Info: Peak virtual memory: 4622 megabytes
    Info: Processing ended: Mon Aug 01 21:49:02 2022
    Info: Elapsed time: 00:00:01
    Info: Total CPU time (on all processors): 00:00:02


